#
# There is insufficient memory for the Java Runtime Environment to continue.
# Native memory allocation (mmap) failed to map 134217728 bytes for G1 virtual space
# Possible reasons:
#   The system is out of physical RAM or swap space
#   The process is running with CompressedOops enabled, and the Java Heap may be blocking the growth of the native heap
# Possible solutions:
#   Reduce memory load on the system
#   Increase physical memory or swap space
#   Check if swap backing store is full
#   Decrease Java heap size (-Xmx/-Xms)
#   Decrease number of Java threads
#   Decrease Java thread stack sizes (-Xss)
#   Set larger code cache with -XX:ReservedCodeCacheSize=
#   JVM is running with Unscaled Compressed Oops mode in which the Java heap is
#     placed in the first 4GB address space. The Java Heap base address is the
#     maximum limit for the native heap growth. Please use -XX:HeapBaseMinAddress
#     to set the Java Heap base and to place the Java Heap above 4GB virtual address.
# This output file may be truncated or incomplete.
#
#  Out of Memory Error (os_windows.cpp:3527), pid=1160, tid=4788
#
# JRE version:  (19.0.1+10) (build )
# Java VM: Java HotSpot(TM) 64-Bit Server VM (19.0.1+10-21, mixed mode, sharing, tiered, compressed oops, compressed class ptrs, g1 gc, windows-amd64)
# No core dump will be written. Minidumps are not enabled by default on client versions of Windows
#

---------------  S U M M A R Y ------------

Command Line: -Djava.util.logging.config.file=C:\Users\HP\AppData\Local\JetBrains\IntelliJIdea2024.3\tomcat\2cdc3257-f4b3-40d3-8cd2-921066a1f956\conf\logging.properties -Djava.util.logging.manager=org.apache.juli.ClassLoaderLogManager -Djdk.tls.ephemeralDHKeySize=2048 -Djava.protocol.handler.pkgs=org.apache.catalina.webresources -Dsun.io.useCanonCaches=false --add-opens=java.base/java.lang=ALL-UNNAMED --add-opens=java.base/java.io=ALL-UNNAMED --add-opens=java.base/java.util=ALL-UNNAMED --add-opens=java.base/java.util.concurrent=ALL-UNNAMED --add-opens=java.rmi/sun.rmi.transport=ALL-UNNAMED -Dcatalina.base=C:\Users\HP\AppData\Local\JetBrains\IntelliJIdea2024.3\tomcat\2cdc3257-f4b3-40d3-8cd2-921066a1f956 -Dcatalina.home=C:\Users\HP\Desktop\Java\apache-tomcat-10.1.36 -Djava.io.tmpdir=C:\Users\HP\Desktop\Java\apache-tomcat-10.1.36\temp org.apache.catalina.startup.Bootstrap stop

Host: Intel(R) Core(TM) i3-7020U CPU @ 2.30GHz, 4 cores, 7G,  Windows 10 , 64 bit Build 19041 (10.0.19041.5438)
Time: Fri Feb 28 18:08:17 2025 Greenwich elapsed time: 0.157381 seconds (0d 0h 0m 0s)

---------------  T H R E A D  ---------------

Current thread (0x0000020633498b50):  JavaThread "Unknown thread" [_thread_in_vm, id=4788, stack(0x00000028f6d00000,0x00000028f6e00000)]

Stack: [0x00000028f6d00000,0x00000028f6e00000]
Native frames: (J=compiled Java code, j=interpreted, Vv=VM code, C=native code)
V  [jvm.dll+0x6ee8fa]
V  [jvm.dll+0x857a1e]
V  [jvm.dll+0x85940e]
V  [jvm.dll+0x859ac3]
V  [jvm.dll+0x28291f]
V  [jvm.dll+0x6eb6e9]
V  [jvm.dll+0x6e028a]
V  [jvm.dll+0x357136]
V  [jvm.dll+0x35eb96]
V  [jvm.dll+0x3b555e]
V  [jvm.dll+0x3b578f]
V  [jvm.dll+0x32c6ea]
V  [jvm.dll+0x32d59e]
V  [jvm.dll+0x821b20]
V  [jvm.dll+0x3c27c1]
V  [jvm.dll+0x8022f1]
V  [jvm.dll+0x44b30f]
V  [jvm.dll+0x44cc91]
C  [jli.dll+0x5287]
C  [ucrtbase.dll+0x21bb2]
C  [KERNEL32.DLL+0x17374]
C  [ntdll.dll+0x4cc91]


---------------  P R O C E S S  ---------------

Threads class SMR info:
_java_thread_list=0x00007ffb0163d048, length=0, elements={
}

Java Threads: ( => current thread )

Other Threads:
  0x00000206334f9390 WorkerThread "GC Thread#0" [stack: 0x00000028f6e00000,0x00000028f6f00000] [id=2376]
  0x000002063350a090 ConcurrentGCThread "G1 Main Marker" [stack: 0x00000028f6f00000,0x00000028f7000000] [id=12928]
  0x000002063350b160 WorkerThread "G1 Conc#0" [stack: 0x00000028f7000000,0x00000028f7100000] [id=8728]

[error occurred during error reporting (printing all threads), id 0xc0000005, EXCEPTION_ACCESS_VIOLATION (0xc0000005) at pc=0x00007ffb00dfd127]

VM state: not at safepoint (not fully initialized)

VM Mutex/Monitor currently owned by a thread:  ([mutex/lock_event])
[0x0000020633495210] Heap_lock - owner thread: 0x0000020633498b50

Heap address: 0x0000000081800000, size: 2024 MB, Compressed Oops mode: 32-bit

CDS archive(s) mapped at: [0x0000000000000000-0x0000000000000000-0x0000000000000000), size 0, SharedBaseAddress: 0x0000000800000000, ArchiveRelocationMode: 0.
Narrow klass base: 0x0000000000000000, Narrow klass shift: 0, Narrow klass range: 0x0

GC Precious Log:
 CardTable entry size: 512
 Card Set container configuration: InlinePtr #cards 5 size 8 Array Of Cards #cards 12 size 40 Howl #buckets 4 coarsen threshold 1843 Howl Bitmap #cards 512 size 80 coarsen threshold 460 Card regions per heap region 1 cards per card region 2048

Heap:
 garbage-first heap   total 0K, used 0K [0x0000000081800000, 0x0000000100000000)
  region size 1024K, 0 young (0K), 0 survivors (0K)

[error occurred during error reporting (printing heap information), id 0xc0000005, EXCEPTION_ACCESS_VIOLATION (0xc0000005) at pc=0x00007ffb01206959]

GC Heap History (0 events):
No events

Dll operation events (1 events):
Event: 0.010 Loaded shared library C:\Program Files\Java\jdk-19\bin\java.dll

Deoptimization events (0 events):
No events

Classes loaded (0 events):
No events

Classes unloaded (0 events):
No events

Classes redefined (0 events):
No events

Internal exceptions (0 events):
No events

VM Operations (0 events):
No events

Events (0 events):
No events


Dynamic libraries:
0x00007ff663280000 - 0x00007ff663290000 	C:\Program Files\Java\jdk-19\bin\java.exe
0x00007ffb42bf0000 - 0x00007ffb42de8000 	C:\WINDOWS\SYSTEM32\ntdll.dll
0x00007ffb425c0000 - 0x00007ffb42682000 	C:\WINDOWS\System32\KERNEL32.DLL
0x00007ffb403b0000 - 0x00007ffb406af000 	C:\WINDOWS\System32\KERNELBASE.dll
0x00007ffb40980000 - 0x00007ffb40a80000 	C:\WINDOWS\System32\ucrtbase.dll
0x00007ffb3b2b0000 - 0x00007ffb3b2cb000 	C:\Program Files\Java\jdk-19\bin\VCRUNTIME140.dll
0x00007ffb3b290000 - 0x00007ffb3b2a8000 	C:\Program Files\Java\jdk-19\bin\jli.dll
0x00007ffb416e0000 - 0x00007ffb4178f000 	C:\WINDOWS\System32\ADVAPI32.dll
0x00007ffb41860000 - 0x00007ffb418fe000 	C:\WINDOWS\System32\msvcrt.dll
0x00007ffb41f50000 - 0x00007ffb41fef000 	C:\WINDOWS\System32\sechost.dll
0x00007ffb426d0000 - 0x00007ffb427f3000 	C:\WINDOWS\System32\RPCRT4.dll
0x00007ffb40be0000 - 0x00007ffb40c07000 	C:\WINDOWS\System32\bcrypt.dll
0x00007ffb42420000 - 0x00007ffb425bd000 	C:\WINDOWS\System32\USER32.dll
0x00007ffb40810000 - 0x00007ffb40832000 	C:\WINDOWS\System32\win32u.dll
0x00007ffb42690000 - 0x00007ffb426bb000 	C:\WINDOWS\System32\GDI32.dll
0x00007ffb1e060000 - 0x00007ffb1e2fa000 	C:\WINDOWS\WinSxS\amd64_microsoft.windows.common-controls_6595b64144ccf1df_6.0.19041.4355_none_60b8b9eb71f62e16\COMCTL32.dll
0x00007ffb40290000 - 0x00007ffb403aa000 	C:\WINDOWS\System32\gdi32full.dll
0x00007ffb40a80000 - 0x00007ffb40b1d000 	C:\WINDOWS\System32\msvcp_win.dll
0x00007ffb39600000 - 0x00007ffb3960a000 	C:\WINDOWS\SYSTEM32\VERSION.dll
0x00007ffb41470000 - 0x00007ffb4149f000 	C:\WINDOWS\System32\IMM32.DLL
0x00007ffb3d540000 - 0x00007ffb3d54c000 	C:\Program Files\Java\jdk-19\bin\vcruntime140_1.dll
0x00007ffb1f240000 - 0x00007ffb1f2ce000 	C:\Program Files\Java\jdk-19\bin\msvcp140.dll
0x00007ffb00ac0000 - 0x00007ffb01780000 	C:\Program Files\Java\jdk-19\bin\server\jvm.dll
0x00007ffb25980000 - 0x00007ffb259a7000 	C:\WINDOWS\SYSTEM32\WINMM.dll
0x00007ffb21720000 - 0x00007ffb21729000 	C:\WINDOWS\SYSTEM32\WSOCK32.dll
0x00007ffb417f0000 - 0x00007ffb4185b000 	C:\WINDOWS\System32\WS2_32.dll
0x00007ffb3e2d0000 - 0x00007ffb3e2e2000 	C:\WINDOWS\SYSTEM32\kernel.appcore.dll
0x00007ffb3d070000 - 0x00007ffb3d07a000 	C:\Program Files\Java\jdk-19\bin\jimage.dll
0x00007ffb3dea0000 - 0x00007ffb3e084000 	C:\WINDOWS\SYSTEM32\DBGHELP.DLL
0x00007ffb22cb0000 - 0x00007ffb22ce4000 	C:\WINDOWS\SYSTEM32\dbgcore.DLL
0x00007ffb40840000 - 0x00007ffb408c2000 	C:\WINDOWS\System32\bcryptPrimitives.dll
0x00007ffb39f30000 - 0x00007ffb39f56000 	C:\Program Files\Java\jdk-19\bin\java.dll

dbghelp: loaded successfully - version: 4.0.5 - missing functions: none
symbol engine: initialized successfully - sym options: 0x614 - pdb path: .;C:\Program Files\Java\jdk-19\bin;C:\WINDOWS\SYSTEM32;C:\WINDOWS\WinSxS\amd64_microsoft.windows.common-controls_6595b64144ccf1df_6.0.19041.4355_none_60b8b9eb71f62e16;C:\Program Files\Java\jdk-19\bin\server

VM Arguments:
jvm_args: -Djava.util.logging.config.file=C:\Users\HP\AppData\Local\JetBrains\IntelliJIdea2024.3\tomcat\2cdc3257-f4b3-40d3-8cd2-921066a1f956\conf\logging.properties -Djava.util.logging.manager=org.apache.juli.ClassLoaderLogManager -Djdk.tls.ephemeralDHKeySize=2048 -Djava.protocol.handler.pkgs=org.apache.catalina.webresources -Dsun.io.useCanonCaches=false --add-opens=java.base/java.lang=ALL-UNNAMED --add-opens=java.base/java.io=ALL-UNNAMED --add-opens=java.base/java.util=ALL-UNNAMED --add-opens=java.base/java.util.concurrent=ALL-UNNAMED --add-opens=java.rmi/sun.rmi.transport=ALL-UNNAMED -Dcatalina.base=C:\Users\HP\AppData\Local\JetBrains\IntelliJIdea2024.3\tomcat\2cdc3257-f4b3-40d3-8cd2-921066a1f956 -Dcatalina.home=C:\Users\HP\Desktop\Java\apache-tomcat-10.1.36 -Djava.io.tmpdir=C:\Users\HP\Desktop\Java\apache-tomcat-10.1.36\temp 
java_command: org.apache.catalina.startup.Bootstrap stop
java_class_path (initial): C:\Users\HP\Desktop\Java\apache-tomcat-10.1.36\bin\bootstrap.jar;C:\Users\HP\Desktop\Java\apache-tomcat-10.1.36\bin\tomcat-juli.jar
Launcher Type: SUN_STANDARD

[Global flags]
     intx CICompilerCount                          = 3                                         {product} {ergonomic}
     uint ConcGCThreads                            = 1                                         {product} {ergonomic}
     uint G1ConcRefinementThreads                  = 4                                         {product} {ergonomic}
   size_t G1HeapRegionSize                         = 1048576                                   {product} {ergonomic}
    uintx GCDrainStackTargetSize                   = 64                                        {product} {ergonomic}
   size_t InitialHeapSize                          = 134217728                                 {product} {ergonomic}
   size_t MarkStackSize                            = 4194304                                   {product} {ergonomic}
   size_t MaxHeapSize                              = 2122317824                                {product} {ergonomic}
   size_t MinHeapDeltaBytes                        = 1048576                                   {product} {ergonomic}
   size_t MinHeapSize                              = 8388608                                   {product} {ergonomic}
    uintx NonNMethodCodeHeapSize                   = 5832780                                {pd product} {ergonomic}
    uintx NonProfiledCodeHeapSize                  = 122912730                              {pd product} {ergonomic}
    uintx ProfiledCodeHeapSize                     = 122912730                              {pd product} {ergonomic}
    uintx ReservedCodeCacheSize                    = 251658240                              {pd product} {ergonomic}
     bool SegmentedCodeCache                       = true                                      {product} {ergonomic}
   size_t SoftMaxHeapSize                          = 2122317824                             {manageable} {ergonomic}
     bool UseCompressedClassPointers               = true                           {product lp64_product} {ergonomic}
     bool UseCompressedOops                        = true                           {product lp64_product} {ergonomic}
     bool UseG1GC                                  = true                                      {product} {ergonomic}
     bool UseLargePagesIndividualAllocation        = false                                  {pd product} {ergonomic}

Logging:
Log output configuration:
 #0: stdout all=warning uptime,level,tags foldmultilines=false
 #1: stderr all=off uptime,level,tags foldmultilines=false

Environment Variables:
JAVA_HOME=C:\Program Files\Java\jdk-19
CLASSPATH=C:\Users\HP\Desktop\Java\apache-tomcat-10.1.36\bin\bootstrap.jar;C:\Users\HP\Desktop\Java\apache-tomcat-10.1.36\bin\tomcat-juli.jar
PATH=C:\Users\HP\Desktop\Programmation\CoursSupInfo\MERISE\product\11.2.0\dbhome_1\bin;C:\Users\HP\AppData\Local\Programs\Python\Python312\Scripts\;C:\Users\HP\AppData\Local\Programs\Python\Python312\;C:\Program Files\Common Files\Oracle\Java\javapath;C:\Program Files (x86)\Common Files\Oracle\Java\java8path;C:\Program Files (x86)\Common Files\Oracle\Java\javapath;C:\Program Files\Python38\Scripts\;C:\Program Files\Python38\;C:\Program Files\OpenJDK\jdk-8.0.352.08-hotspot\bin;C:\ProgramData\Oracle\Java\javapath;C:\WINDOWS\system32;C:\WINDOWS;C:\WINDOWS\System32\Wbem;C:\WINDOWS\System32\WindowsPowerShell\v1.0\;C:\WINDOWS\System32\OpenSSH\;C:\Program Files\Java\jdk-17bin;C:\Program Files\Java\jdk-17;C:\Windows\System32\;C:\Program Files\Microsoft SQL Server\150\Tools\Binn\;C:\Program Files\dotnet\;C:\Program Files\Git\cmd;C:\Program Files\nodejs\;C:\xampp\php;C:\composer;C:\Program Files\MATLAB\R2015b\runtime\win64;C:\Program Files\MATLAB\R2015b\bin;C:\Program Files\MATLAB\R2015b\polyspace\bin;C:\Program Files\heroku\bin;C:\Users\HP\AppData\Local\Microsoft\WindowsApps;C:\Program Files\Java\jdk-17;C:\Program Files (x86)\winlibs-x86_64-posix-seh-gcc-12.2.0-mingw-w64ucrt-10.0.0-r2\mingw64\bin;C:\Program Files (x86)\winlibs-x86_64-posix-seh-gcc-12.2.0-llvm-14.0.6-mingw-w64ucrt-10.0.0-r2\mingw64\bin;C:\Program Files\JetBrains\IntelliJ IDEA Community Edition 2022.3.1\bin;C:\Program Files\Java\jdk-20\bin;C:\jre-1.8\bin;C:\Program Files\JetBrains\PyCharm 2023.1.3\bin;C:\Program Files\JetBrains\PyCharm Community Edition 2023.2.4\bin;C:\Program Files\JetBrains\CLion 2023.3.3\bin;;C:\Program Files\JetBrains\WebStorm 2023.3.3\bin;;C:\Users\HP\AppData\Local\JetBrains\Toolbox\scripts;C:\Users\HP\AppData\Local\GitHubDesktop\bin;C:\Users\HP\.dotnet\tools;C:\Users\HP\AppData\Roaming\npm;C:\Users\HP\AppData\Roaming\Composer\vendor\bin;C:\Program Files\PostgreSQL\17\bin;
USERNAME=HP
OS=Windows_NT
PROCESSOR_IDENTIFIER=Intel64 Family 6 Model 142 Stepping 9, GenuineIntel
TMP=C:\Users\HP\AppData\Local\Temp
TEMP=C:\Users\HP\AppData\Local\Temp



---------------  S Y S T E M  ---------------

OS:
 Windows 10 , 64 bit Build 19041 (10.0.19041.5438)
OS uptime: 3 days 5:57 hours

CPU: total 4 (initial active 4) (2 cores per cpu, 2 threads per core) family 6 model 142 stepping 9 microcode 0xf6, cx8, cmov, fxsr, ht, mmx, 3dnowpref, sse, sse2, sse3, ssse3, sse4.1, sse4.2, popcnt, lzcnt, tsc, tscinvbit, avx, avx2, aes, erms, clmul, bmi1, bmi2, adx, fma, vzeroupper, clflush, clflushopt, rdtscp

Memory: 4k page, system-wide physical 8094M (558M free)
TotalPageFile size 10142M (AvailPageFile size 53M)
current process WorkingSet (physical memory assigned to process): 10M, peak: 10M
current process commit charge ("private bytes"): 52M, peak: 180M

vm_info: Java HotSpot(TM) 64-Bit Server VM (19.0.1+10-21) for windows-amd64 JRE (19.0.1+10-21), built on 2022-09-14T12:45:06Z by "mach5one" with MS VC++ 17.1 (VS2022)

END.
