#
# There is insufficient memory for the Java Runtime Environment to continue.
# Native memory allocation (malloc) failed to allocate 2379536 bytes for Chunk::new
# Possible reasons:
#   The system is out of physical RAM or swap space
#   The process is running with CompressedOops enabled, and the Java Heap may be blocking the growth of the native heap
# Possible solutions:
#   Reduce memory load on the system
#   Increase physical memory or swap space
#   Check if swap backing store is full
#   Decrease Java heap size (-Xmx/-Xms)
#   Decrease number of Java threads
#   Decrease Java thread stack sizes (-Xss)
#   Set larger code cache with -XX:ReservedCodeCacheSize=
#   JVM is running with Unscaled Compressed Oops mode in which the Java heap is
#     placed in the first 4GB address space. The Java Heap base address is the
#     maximum limit for the native heap growth. Please use -XX:HeapBaseMinAddress
#     to set the Java Heap base and to place the Java Heap above 4GB virtual address.
# This output file may be truncated or incomplete.
#
#  Out of Memory Error (arena.cpp:184), pid=14164, tid=14020
#
# JRE version: Java(TM) SE Runtime Environment (19.0.1+10) (build 19.0.1+10-21)
# Java VM: Java HotSpot(TM) 64-Bit Server VM (19.0.1+10-21, mixed mode, sharing, tiered, compressed oops, compressed class ptrs, g1 gc, windows-amd64)
# No core dump will be written. Minidumps are not enabled by default on client versions of Windows
#

---------------  S U M M A R Y ------------

Command Line: -javaagent:C:\Users\HP\AppData\Local\Programs\IntelliJ IDEA Ultimate\lib\idea_rt.jar=53575:C:\Users\HP\AppData\Local\Programs\IntelliJ IDEA Ultimate\bin -Dfile.encoding=UTF-8 -Dsun.stdout.encoding=UTF-8 -Dsun.stderr.encoding=UTF-8 --module-path=C:\Users\HP\.m2\repository\com\fasterxml\woodstox\woodstox-core\6.2.7\woodstox-core-6.2.7.jar;C:\Users\HP\.m2\repository\jakarta\persistence\jakarta.persistence-api\3.1.0\jakarta.persistence-api-3.1.0.jar;C:\Users\HP\.m2\repository\jakarta\activation\jakarta.activation-api\2.1.0\jakarta.activation-api-2.1.0.jar;C:\Users\HP\.m2\repository\com\twilio\sdk\twilio\8.32.0\twilio-8.32.0.jar;C:\Users\HP\.m2\repository\org\codehaus\woodstox\stax2-api\4.2.1\stax2-api-4.2.1.jar;C:\Users\HP\.m2\repository\org\openjfx\javafx-base\19.0.2\javafx-base-19.0.2-win.jar;C:\Users\HP\.m2\repository\org\openjfx\javafx-fxml\19.0.2\javafx-fxml-19.0.2-win.jar;C:\Users\HP\.m2\repository\org\postgresql\postgresql\42.7.2\postgresql-42.7.2.jar;C:\Users\HP\.m2\repository\org\openjfx\javafx-controls\19.0.2\javafx-controls-19.0.2-win.jar;C:\Users\HP\Desktop\Java\java_JEE_code\Ressources_humaines\target\classes;C:\Users\HP\.m2\repository\org\hibernate\orm\hibernate-core\6.2.6.Final\hibernate-core-6.2.6.Final.jar;C:\Users\HP\.m2\repository\org\eclipse\angus\angus-activation\2.0.0\angus-activation-2.0.0.jar;C:\Users\HP\.m2\repository\org\openjfx\javafx-graphics\19.0.2\javafx-graphics-19.0.2-win.jar -Djdk.module.main=org.example.Ressources_humaines org.example.Ressources_humaines/org.example.Ressources_humaines.HelloApplication

Host: Intel(R) Core(TM) i3-7020U CPU @ 2.30GHz, 4 cores, 7G,  Windows 10 , 64 bit Build 19041 (10.0.19041.5438)
Time: Sun Feb 23 22:14:39 2025 Greenwich elapsed time: 28.344850 seconds (0d 0h 0m 28s)

---------------  T H R E A D  ---------------

Current thread (0x0000024e6cba2bf0):  JavaThread "C2 CompilerThread1" daemon [_thread_in_native, id=14020, stack(0x000000b2a4f00000,0x000000b2a5000000)]


Current CompileTask:
C2:  28357 4686   !   4       jdk.internal.loader.BuiltinClassLoader::loadClassOrNull (143 bytes)

Stack: [0x000000b2a4f00000,0x000000b2a5000000]
Native frames: (J=compiled Java code, j=interpreted, Vv=VM code, C=native code)
V  [jvm.dll+0x6ee8fa]
V  [jvm.dll+0x857a1e]
V  [jvm.dll+0x85940e]
V  [jvm.dll+0x859ac3]
V  [jvm.dll+0x28291f]
V  [jvm.dll+0xc9b5f]
V  [jvm.dll+0xc9ee5]
V  [jvm.dll+0x3bcbac]
V  [jvm.dll+0x386201]
V  [jvm.dll+0x38567a]
V  [jvm.dll+0x24c2c9]
V  [jvm.dll+0x24b671]
V  [jvm.dll+0x1d6d61]
V  [jvm.dll+0x25b0fa]
V  [jvm.dll+0x259588]
V  [jvm.dll+0x807928]
V  [jvm.dll+0x8015fa]
V  [jvm.dll+0x6ed5eb]
C  [ucrtbase.dll+0x21bb2]
C  [KERNEL32.DLL+0x17374]
C  [ntdll.dll+0x4cc91]


---------------  P R O C E S S  ---------------

Threads class SMR info:
_java_thread_list=0x0000024e6cae1170, length=25, elements={
0x0000024e41c6b750, 0x0000024e5fc1a4b0, 0x0000024e5fc1b2a0, 0x0000024e5fc209b0,
0x0000024e5fc222f0, 0x0000024e5fc22c20, 0x0000024e5fc257e0, 0x0000024e5fc29a80,
0x0000024e5fc35420, 0x0000024e5fc40570, 0x0000024e640e1ec0, 0x0000024e6430f4a0,
0x0000024e64565400, 0x0000024e64aa6aa0, 0x0000024e64aa4440, 0x0000024e64ad53a0,
0x0000024e64ab5690, 0x0000024e648b0420, 0x0000024e648b0970, 0x0000024e648b2950,
0x0000024e6433c920, 0x0000024e6433d910, 0x0000024e6433e900, 0x0000024e64338eb0,
0x0000024e6cba2bf0
}

Java Threads: ( => current thread )
  0x0000024e41c6b750 JavaThread "main" [_thread_blocked, id=3852, stack(0x000000b2a2500000,0x000000b2a2600000)]
  0x0000024e5fc1a4b0 JavaThread "Reference Handler" daemon [_thread_blocked, id=6396, stack(0x000000b2a2c00000,0x000000b2a2d00000)]
  0x0000024e5fc1b2a0 JavaThread "Finalizer" daemon [_thread_blocked, id=4904, stack(0x000000b2a2d00000,0x000000b2a2e00000)]
  0x0000024e5fc209b0 JavaThread "Signal Dispatcher" daemon [_thread_blocked, id=9092, stack(0x000000b2a2e00000,0x000000b2a2f00000)]
  0x0000024e5fc222f0 JavaThread "Attach Listener" daemon [_thread_blocked, id=8400, stack(0x000000b2a2f00000,0x000000b2a3000000)]
  0x0000024e5fc22c20 JavaThread "Service Thread" daemon [_thread_blocked, id=16148, stack(0x000000b2a3000000,0x000000b2a3100000)]
  0x0000024e5fc257e0 JavaThread "Monitor Deflation Thread" daemon [_thread_blocked, id=12704, stack(0x000000b2a3100000,0x000000b2a3200000)]
  0x0000024e5fc29a80 JavaThread "C2 CompilerThread0" daemon [_thread_blocked, id=6832, stack(0x000000b2a3200000,0x000000b2a3300000)]
  0x0000024e5fc35420 JavaThread "C1 CompilerThread0" daemon [_thread_blocked, id=12972, stack(0x000000b2a3300000,0x000000b2a3400000)]
  0x0000024e5fc40570 JavaThread "Sweeper thread" daemon [_thread_blocked, id=12336, stack(0x000000b2a3400000,0x000000b2a3500000)]
  0x0000024e640e1ec0 JavaThread "Common-Cleaner" daemon [_thread_blocked, id=8872, stack(0x000000b2a3500000,0x000000b2a3600000)]
  0x0000024e6430f4a0 JavaThread "Monitor Ctrl-Break" daemon [_thread_in_native, id=784, stack(0x000000b2a3900000,0x000000b2a3a00000)]
  0x0000024e64565400 JavaThread "Notification Thread" daemon [_thread_blocked, id=13864, stack(0x000000b2a3a00000,0x000000b2a3b00000)]
  0x0000024e64aa6aa0 JavaThread "RMI TCP Accept-0" daemon [_thread_in_native, id=3628, stack(0x000000b2a3600000,0x000000b2a3700000)]
  0x0000024e64aa4440 JavaThread "RMI TCP Connection(1)-192.168.56.1" daemon [_thread_in_native, id=4912, stack(0x000000b2a3d00000,0x000000b2a3e00000)]
  0x0000024e64ad53a0 JavaThread "RMI Scheduler(0)" daemon [_thread_blocked, id=8968, stack(0x000000b2a3e00000,0x000000b2a3f00000)]
  0x0000024e64ab5690 JavaThread "JMX server connection timeout 29" daemon [_thread_blocked, id=12000, stack(0x000000b2a3f00000,0x000000b2a4000000)]
  0x0000024e648b0420 JavaThread "QuantumRenderer-0" daemon [_thread_blocked, id=3588, stack(0x000000b2a4300000,0x000000b2a4400000)]
  0x0000024e648b0970 JavaThread "InvokeLaterDispatcher" daemon [_thread_blocked, id=12472, stack(0x000000b2a4400000,0x000000b2a4500000)]
  0x0000024e648b2950 JavaThread "JavaFX Application Thread" [_thread_in_vm, id=13140, stack(0x000000b2a4500000,0x000000b2a4600000)]
  0x0000024e6433c920 JavaThread "Thread-1" daemon [_thread_in_native, id=8828, stack(0x000000b2a4900000,0x000000b2a4a00000)]
  0x0000024e6433d910 JavaThread "JavaFX-Launcher" [_thread_blocked, id=12012, stack(0x000000b2a4a00000,0x000000b2a4b00000)]
  0x0000024e6433e900 JavaThread "Prism Font Disposer" daemon [_thread_blocked, id=6900, stack(0x000000b2a4d00000,0x000000b2a4e00000)]
  0x0000024e64338eb0 JavaThread "Cleaner-0" daemon [_thread_blocked, id=16132, stack(0x000000b2a4e00000,0x000000b2a4f00000)]
=>0x0000024e6cba2bf0 JavaThread "C2 CompilerThread1" daemon [_thread_in_native, id=14020, stack(0x000000b2a4f00000,0x000000b2a5000000)]

Other Threads:
  0x0000024e5fc02960 VMThread "VM Thread" [stack: 0x000000b2a2b00000,0x000000b2a2c00000] [id=5584]
  0x0000024e6465d9f0 WatcherThread "VM Periodic Task Thread" [stack: 0x000000b2a3b00000,0x000000b2a3c00000] [id=8508]
  0x0000024e41ccb350 WorkerThread "GC Thread#0" [stack: 0x000000b2a2600000,0x000000b2a2700000] [id=1320]
  0x0000024e640ea550 WorkerThread "GC Thread#1" [stack: 0x000000b2a3700000,0x000000b2a3800000] [id=9416]
  0x0000024e64609220 WorkerThread "GC Thread#2" [stack: 0x000000b2a3800000,0x000000b2a3900000] [id=1952]
  0x0000024e64b74e90 WorkerThread "GC Thread#3" [stack: 0x000000b2a3c00000,0x000000b2a3d00000] [id=15220]
  0x0000024e41cdc150 ConcurrentGCThread "G1 Main Marker" [stack: 0x000000b2a2700000,0x000000b2a2800000] [id=12116]
  0x0000024e41cdd320 WorkerThread "G1 Conc#0" [stack: 0x000000b2a2800000,0x000000b2a2900000] [id=12224]
  0x0000024e5fab98f0 ConcurrentGCThread "G1 Refine#0" [stack: 0x000000b2a2900000,0x000000b2a2a00000] [id=13236]
  0x0000024e5faba430 ConcurrentGCThread "G1 Service" [stack: 0x000000b2a2a00000,0x000000b2a2b00000] [id=10200]

Threads with active compile tasks:
C2 CompilerThread1    28766 4686   !   4       jdk.internal.loader.BuiltinClassLoader::loadClassOrNull (143 bytes)

VM state: not at safepoint (normal execution)

VM Mutex/Monitor currently owned by a thread:  ([mutex/lock_event])
[0x0000024e41c66290] Metaspace_lock - owner thread: 0x0000024e648b2950

Heap address: 0x0000000081800000, size: 2024 MB, Compressed Oops mode: 32-bit

CDS archive(s) mapped at: [0x0000000800000000-0x0000000800c40000-0x0000000800c40000), size 12845056, SharedBaseAddress: 0x0000000800000000, ArchiveRelocationMode: 0.
Compressed class space mapped at: 0x0000000801000000-0x0000000841000000, reserved size: 1073741824
Narrow klass base: 0x0000000800000000, Narrow klass shift: 0, Narrow klass range: 0x100000000

GC Precious Log:
 CardTable entry size: 512
 Card Set container configuration: InlinePtr #cards 5 size 8 Array Of Cards #cards 12 size 40 Howl #buckets 4 coarsen threshold 1843 Howl Bitmap #cards 512 size 80 coarsen threshold 460 Card regions per heap region 1 cards per card region 2048
 CPUs: 4 total, 4 available
 Memory: 8094M
 Large Page Support: Disabled
 NUMA Support: Disabled
 Compressed Oops: Enabled (32-bit)
 Heap Region Size: 1M
 Heap Min Capacity: 8M
 Heap Initial Capacity: 128M
 Heap Max Capacity: 2024M
 Pre-touch: Disabled
 Parallel Workers: 4
 Concurrent Workers: 1
 Concurrent Refinement Workers: 4
 Periodic GC: Disabled

Heap:
 garbage-first heap   total 51200K, used 35798K [0x0000000081800000, 0x0000000100000000)
  region size 1024K, 17 young (17408K), 1 survivors (1024K)
 Metaspace       used 50543K, committed 51008K, reserved 1114112K
  class space    used 6953K, committed 7168K, reserved 1048576K

Heap Regions: E=young(eden), S=young(survivor), O=old, HS=humongous(starts), HC=humongous(continues), CS=collection set, F=free, OA=open archive, CA=closed archive, TAMS=top-at-mark-start (previous, next)
|   0|0x0000000081800000, 0x0000000081900000, 0x0000000081900000|100%| O|  |TAMS 0x0000000081900000, 0x0000000081800000| Untracked 
|   1|0x0000000081900000, 0x0000000081a00000, 0x0000000081a00000|100%| O|  |TAMS 0x0000000081a00000, 0x0000000081900000| Untracked 
|   2|0x0000000081a00000, 0x0000000081b00000, 0x0000000081b00000|100%|HS|  |TAMS 0x0000000081b00000, 0x0000000081a00000| Complete 
|   3|0x0000000081b00000, 0x0000000081c00000, 0x0000000081c00000|100%| O|  |TAMS 0x0000000081c00000, 0x0000000081b00000| Untracked 
|   4|0x0000000081c00000, 0x0000000081d00000, 0x0000000081d00000|100%| O|  |TAMS 0x0000000081c00000, 0x0000000081c00000| Untracked 
|   5|0x0000000081d00000, 0x0000000081e00000, 0x0000000081e00000|100%|HS|  |TAMS 0x0000000081e00000, 0x0000000081d00000| Complete 
|   6|0x0000000081e00000, 0x0000000081f00000, 0x0000000081f00000|100%|HC|  |TAMS 0x0000000081f00000, 0x0000000081e00000| Complete 
|   7|0x0000000081f00000, 0x0000000082000000, 0x0000000082000000|100%| O|  |TAMS 0x0000000082000000, 0x0000000081f00000| Untracked 
|   8|0x0000000082000000, 0x0000000082100000, 0x0000000082100000|100%| O|  |TAMS 0x0000000082100000, 0x0000000082000000| Untracked 
|   9|0x0000000082100000, 0x0000000082200000, 0x0000000082200000|100%| O|  |TAMS 0x0000000082200000, 0x0000000082100000| Untracked 
|  10|0x0000000082200000, 0x0000000082300000, 0x0000000082300000|100%| O|  |TAMS 0x0000000082300000, 0x0000000082200000| Untracked 
|  11|0x0000000082300000, 0x0000000082400000, 0x0000000082400000|100%| O|  |TAMS 0x0000000082400000, 0x0000000082300000| Untracked 
|  12|0x0000000082400000, 0x0000000082500000, 0x0000000082500000|100%| O|  |TAMS 0x0000000082500000, 0x0000000082400000| Untracked 
|  13|0x0000000082500000, 0x0000000082600000, 0x0000000082600000|100%| O|  |TAMS 0x0000000082600000, 0x0000000082500000| Untracked 
|  14|0x0000000082600000, 0x0000000082700000, 0x0000000082700000|100%| O|  |TAMS 0x0000000082700000, 0x0000000082600000| Untracked 
|  15|0x0000000082700000, 0x0000000082800000, 0x0000000082800000|100%| O|  |TAMS 0x0000000082800000, 0x0000000082700000| Untracked 
|  16|0x0000000082800000, 0x0000000082800000, 0x0000000082900000|  0%| F|  |TAMS 0x0000000082800000, 0x0000000082800000| Untracked 
|  17|0x0000000082900000, 0x0000000082a00000, 0x0000000082a00000|100%| O|  |TAMS 0x0000000082900000, 0x0000000082900000| Untracked 
|  18|0x0000000082a00000, 0x0000000082a2ec00, 0x0000000082b00000| 18%| O|  |TAMS 0x0000000082a00000, 0x0000000082a00000| Untracked 
|  19|0x0000000082b00000, 0x0000000082b00000, 0x0000000082c00000|  0%| F|  |TAMS 0x0000000082b00000, 0x0000000082b00000| Untracked 
|  20|0x0000000082c00000, 0x0000000082d00000, 0x0000000082d00000|100%| O|  |TAMS 0x0000000082d00000, 0x0000000082c00000| Untracked 
|  21|0x0000000082d00000, 0x0000000082e00000, 0x0000000082e00000|100%| O|  |TAMS 0x0000000082d8b600, 0x0000000082d00000| Untracked 
|  22|0x0000000082e00000, 0x0000000082e00000, 0x0000000082f00000|  0%| F|  |TAMS 0x0000000082e00000, 0x0000000082e00000| Untracked 
|  23|0x0000000082f00000, 0x0000000082f00000, 0x0000000083000000|  0%| F|  |TAMS 0x0000000082f00000, 0x0000000082f00000| Untracked 
|  24|0x0000000083000000, 0x0000000083000000, 0x0000000083100000|  0%| F|  |TAMS 0x0000000083000000, 0x0000000083000000| Untracked 
|  25|0x0000000083100000, 0x0000000083100000, 0x0000000083200000|  0%| F|  |TAMS 0x0000000083100000, 0x0000000083100000| Untracked 
|  26|0x0000000083200000, 0x0000000083200000, 0x0000000083300000|  0%| F|  |TAMS 0x0000000083200000, 0x0000000083200000| Untracked 
|  27|0x0000000083300000, 0x0000000083300000, 0x0000000083400000|  0%| F|  |TAMS 0x0000000083300000, 0x0000000083300000| Untracked 
|  28|0x0000000083400000, 0x0000000083400000, 0x0000000083500000|  0%| F|  |TAMS 0x0000000083400000, 0x0000000083400000| Untracked 
|  29|0x0000000083500000, 0x00000000835c6e58, 0x0000000083600000| 77%| S|CS|TAMS 0x0000000083500000, 0x0000000083500000| Complete 
|  30|0x0000000083600000, 0x0000000083600000, 0x0000000083700000|  0%| F|  |TAMS 0x0000000083600000, 0x0000000083600000| Untracked 
|  31|0x0000000083700000, 0x0000000083700000, 0x0000000083800000|  0%| F|  |TAMS 0x0000000083700000, 0x0000000083700000| Untracked 
|  32|0x0000000083800000, 0x0000000083800000, 0x0000000083900000|  0%| F|  |TAMS 0x0000000083800000, 0x0000000083800000| Untracked 
|  33|0x0000000083900000, 0x0000000083900000, 0x0000000083a00000|  0%| F|  |TAMS 0x0000000083900000, 0x0000000083900000| Untracked 
|  34|0x0000000083a00000, 0x0000000083a65620, 0x0000000083b00000| 39%| E|  |TAMS 0x0000000083a00000, 0x0000000083a00000| Complete 
|  35|0x0000000083b00000, 0x0000000083c00000, 0x0000000083c00000|100%| E|CS|TAMS 0x0000000083b00000, 0x0000000083b00000| Complete 
|  36|0x0000000083c00000, 0x0000000083d00000, 0x0000000083d00000|100%| E|CS|TAMS 0x0000000083c00000, 0x0000000083c00000| Complete 
|  37|0x0000000083d00000, 0x0000000083e00000, 0x0000000083e00000|100%| E|CS|TAMS 0x0000000083d00000, 0x0000000083d00000| Complete 
|  38|0x0000000083e00000, 0x0000000083f00000, 0x0000000083f00000|100%| E|CS|TAMS 0x0000000083e00000, 0x0000000083e00000| Complete 
|  54|0x0000000084e00000, 0x0000000084f00000, 0x0000000084f00000|100%| E|CS|TAMS 0x0000000084e00000, 0x0000000084e00000| Complete 
|  55|0x0000000084f00000, 0x0000000085000000, 0x0000000085000000|100%| E|CS|TAMS 0x0000000084f00000, 0x0000000084f00000| Complete 
|  56|0x0000000085000000, 0x0000000085100000, 0x0000000085100000|100%| E|CS|TAMS 0x0000000085000000, 0x0000000085000000| Complete 
|  57|0x0000000085100000, 0x0000000085200000, 0x0000000085200000|100%| E|CS|TAMS 0x0000000085100000, 0x0000000085100000| Complete 
|  58|0x0000000085200000, 0x0000000085300000, 0x0000000085300000|100%| E|CS|TAMS 0x0000000085200000, 0x0000000085200000| Complete 
|  59|0x0000000085300000, 0x0000000085400000, 0x0000000085400000|100%| E|CS|TAMS 0x0000000085300000, 0x0000000085300000| Complete 
|  60|0x0000000085400000, 0x0000000085500000, 0x0000000085500000|100%| E|CS|TAMS 0x0000000085400000, 0x0000000085400000| Complete 
|  61|0x0000000085500000, 0x0000000085600000, 0x0000000085600000|100%| E|CS|TAMS 0x0000000085500000, 0x0000000085500000| Complete 
|  62|0x0000000085600000, 0x0000000085700000, 0x0000000085700000|100%| E|CS|TAMS 0x0000000085600000, 0x0000000085600000| Complete 
|  63|0x0000000085700000, 0x0000000085800000, 0x0000000085800000|100%| E|CS|TAMS 0x0000000085700000, 0x0000000085700000| Complete 
| 127|0x0000000089700000, 0x0000000089800000, 0x0000000089800000|100%| E|CS|TAMS 0x0000000089700000, 0x0000000089700000| Complete 

Card table byte_map: [0x0000024e58fd0000,0x0000024e593d0000] _byte_map_base: 0x0000024e58bc4000

Marking Bits (Prev, Next): (CMBitMap*) 0x0000024e41ccb980, (CMBitMap*) 0x0000024e41ccb9c0
 Prev Bits: [0x0000024e597d0000, 0x0000024e5b770000)
 Next Bits: [0x0000024e5b770000, 0x0000024e5d710000)

Polling page: 0x0000024e3fb10000

Metaspace:

Usage:
  Non-class:     42.57 MB used.
      Class:      6.79 MB used.
       Both:     49.36 MB used.

Virtual space:
  Non-class space:       64.00 MB reserved,      42.81 MB ( 67%) committed,  1 nodes.
      Class space:        1.00 GB reserved,       7.00 MB ( <1%) committed,  1 nodes.
             Both:        1.06 GB reserved,      49.81 MB (  5%) committed. 

Chunk freelists:
   Non-Class:  944.00 KB
       Class:  976.00 KB
        Both:  1.88 MB

MaxMetaspaceSize: unlimited
CompressedClassSpaceSize: 1.00 GB
Initial GC threshold: 21.00 MB
Current GC threshold: 59.62 MB
CDS: on
MetaspaceReclaimPolicy: balanced
 - commit_granule_bytes: 65536.
 - commit_granule_words: 8192.
 - virtual_space_node_default_size: 8388608.
 - enlarge_chunks_in_place: 1.
 - new_chunks_are_fully_committed: 0.
 - uncommit_free_chunks: 1.
 - use_allocation_guard: 0.


Internal statistics:

num_allocs_failed_limit: 9.
num_arena_births: 666.
num_arena_deaths: 0.
num_vsnodes_births: 2.
num_vsnodes_deaths: 0.
num_space_committed: 797.
num_space_uncommitted: 0.
num_chunks_returned_to_freelist: 9.
num_chunks_taken_from_freelist: 2211.
num_chunk_merges: 9.
num_chunk_splits: 1638.
num_chunks_enlarged: 1316.
num_inconsistent_stats: 0.

CodeHeap 'non-profiled nmethods': size=120000Kb used=2030Kb max_used=2030Kb free=117969Kb
 bounds [0x0000024e516a0000, 0x0000024e51910000, 0x0000024e58bd0000]
CodeHeap 'profiled nmethods': size=120000Kb used=9907Kb max_used=9907Kb free=110093Kb
 bounds [0x0000024e49bd0000, 0x0000024e4a580000, 0x0000024e51100000]
CodeHeap 'non-nmethods': size=5760Kb used=1664Kb max_used=1730Kb free=4095Kb
 bounds [0x0000024e51100000, 0x0000024e51370000, 0x0000024e516a0000]
 total_blobs=5977 nmethods=4992 adapters=895
 compilation: enabled
              stopped_count=0, restarted_count=0
 full_count=0

Compilation events (20 events):
Event: 28.252 Thread 0x0000024e5fc35420 nmethod 4907 0x0000024e4a56e490 code [0x0000024e4a56e640, 0x0000024e4a56e7d8]
Event: 28.252 Thread 0x0000024e5fc35420 4908       3       java.lang.invoke.InvokerBytecodeGenerator::generateCustomizedCodeBytes (44 bytes)
Event: 28.253 Thread 0x0000024e5fc35420 nmethod 4908 0x0000024e4a56e910 code [0x0000024e4a56eb20, 0x0000024e4a56ef58]
Event: 28.253 Thread 0x0000024e5fc35420 4909       3       java.lang.invoke.InvokerBytecodeGenerator::loadMethod (36 bytes)
Event: 28.254 Thread 0x0000024e5fc35420 nmethod 4909 0x0000024e4a56f190 code [0x0000024e4a56f380, 0x0000024e4a56f688]
Event: 28.270 Thread 0x0000024e5fc29a80 nmethod 4880 0x0000024e51887310 code [0x0000024e51887600, 0x0000024e518889b8]
Event: 28.271 Thread 0x0000024e5fc29a80 4889       4       java.lang.reflect.Method::invoke (108 bytes)
Event: 28.286 Thread 0x0000024e5fc29a80 nmethod 4889 0x0000024e51889b90 code [0x0000024e51889e40, 0x0000024e5188a8c8]
Event: 28.286 Thread 0x0000024e5fc29a80 4890       4       jdk.internal.reflect.DirectMethodHandleAccessor::checkArgumentCount (59 bytes)
Event: 28.287 Thread 0x0000024e5fc29a80 nmethod 4890 0x0000024e5188b490 code [0x0000024e5188b620, 0x0000024e5188b6b8]
Event: 28.287 Thread 0x0000024e5fc29a80 4882       4       net.bytebuddy.description.type.TypeDescription$AbstractBase::equals (60 bytes)
Event: 28.292 Thread 0x0000024e5fc29a80 nmethod 4882 0x0000024e5188b790 code [0x0000024e5188b960, 0x0000024e5188c018]
Event: 28.292 Thread 0x0000024e5fc29a80 4881       4       net.bytebuddy.description.type.TypeDefinition$Sort::describe (127 bytes)
Event: 28.296 Thread 0x0000024e5fc29a80 nmethod 4881 0x0000024e5188c490 code [0x0000024e5188c640, 0x0000024e5188c9b8]
Event: 28.305 Thread 0x0000024e5fc35420 4911       3       java.lang.invoke.DirectMethodHandle$Holder::newInvokeSpecial (28 bytes)
Event: 28.306 Thread 0x0000024e5fc35420 nmethod 4911 0x0000024e4a56f890 code [0x0000024e4a56fa80, 0x0000024e4a570228]
Event: 28.306 Thread 0x0000024e5fc35420 4913       3       java.util.Collections$EmptySet::iterator (4 bytes)
Event: 28.306 Thread 0x0000024e5fc35420 nmethod 4913 0x0000024e4a570410 code [0x0000024e4a5705c0, 0x0000024e4a570738]
Event: 28.306 Thread 0x0000024e5fc35420 4912       1       org.hibernate.mapping.SimpleValue::getSelectables (5 bytes)
Event: 28.306 Thread 0x0000024e5fc35420 nmethod 4912 0x0000024e5188ce10 code [0x0000024e5188cfa0, 0x0000024e5188d058]

GC Heap History (20 events):
Event: 0.785 GC heap before
{Heap before GC invocations=0 (full 0):
 garbage-first heap   total 131072K, used 13312K [0x0000000081800000, 0x0000000100000000)
  region size 1024K, 13 young (13312K), 0 survivors (0K)
 Metaspace       used 855K, committed 1024K, reserved 1114112K
  class space    used 65K, committed 128K, reserved 1048576K
}
Event: 0.790 GC heap after
{Heap after GC invocations=1 (full 0):
 garbage-first heap   total 131072K, used 3093K [0x0000000081800000, 0x0000000100000000)
  region size 1024K, 2 young (2048K), 2 survivors (2048K)
 Metaspace       used 855K, committed 1024K, reserved 1114112K
  class space    used 65K, committed 128K, reserved 1048576K
}
Event: 3.144 GC heap before
{Heap before GC invocations=1 (full 0):
 garbage-first heap   total 131072K, used 20501K [0x0000000081800000, 0x0000000100000000)
  region size 1024K, 19 young (19456K), 2 survivors (2048K)
 Metaspace       used 5574K, committed 5760K, reserved 1114112K
  class space    used 594K, committed 704K, reserved 1048576K
}
Event: 3.153 GC heap after
{Heap after GC invocations=2 (full 0):
 garbage-first heap   total 131072K, used 6266K [0x0000000081800000, 0x0000000100000000)
  region size 1024K, 3 young (3072K), 3 survivors (3072K)
 Metaspace       used 5574K, committed 5760K, reserved 1114112K
  class space    used 594K, committed 704K, reserved 1048576K
}
Event: 14.945 GC heap before
{Heap before GC invocations=2 (full 0):
 garbage-first heap   total 131072K, used 66682K [0x0000000081800000, 0x0000000100000000)
  region size 1024K, 64 young (65536K), 3 survivors (3072K)
 Metaspace       used 21140K, committed 21504K, reserved 1114112K
  class space    used 3069K, committed 3264K, reserved 1048576K
}
Event: 14.967 GC heap after
{Heap after GC invocations=3 (full 0):
 garbage-first heap   total 131072K, used 14006K [0x0000000081800000, 0x0000000100000000)
  region size 1024K, 10 young (10240K), 10 survivors (10240K)
 Metaspace       used 21140K, committed 21504K, reserved 1114112K
  class space    used 3069K, committed 3264K, reserved 1048576K
}
Event: 25.034 GC heap before
{Heap before GC invocations=4 (full 0):
 garbage-first heap   total 51200K, used 36534K [0x0000000081800000, 0x0000000100000000)
  region size 1024K, 30 young (30720K), 10 survivors (10240K)
 Metaspace       used 29193K, committed 29632K, reserved 1114112K
  class space    used 3941K, committed 4160K, reserved 1048576K
}
Event: 25.050 GC heap after
{Heap after GC invocations=5 (full 0):
 garbage-first heap   total 51200K, used 17969K [0x0000000081800000, 0x0000000100000000)
  region size 1024K, 3 young (3072K), 3 survivors (3072K)
 Metaspace       used 29193K, committed 29632K, reserved 1114112K
  class space    used 3941K, committed 4160K, reserved 1048576K
}
Event: 25.070 GC heap before
{Heap before GC invocations=5 (full 0):
 garbage-first heap   total 51200K, used 18993K [0x0000000081800000, 0x0000000100000000)
  region size 1024K, 4 young (4096K), 3 survivors (3072K)
 Metaspace       used 29448K, committed 29888K, reserved 1114112K
  class space    used 3982K, committed 4224K, reserved 1048576K
}
Event: 25.073 GC heap after
{Heap after GC invocations=6 (full 0):
 garbage-first heap   total 51200K, used 18489K [0x0000000081800000, 0x0000000100000000)
  region size 1024K, 1 young (1024K), 1 survivors (1024K)
 Metaspace       used 29448K, committed 29888K, reserved 1114112K
  class space    used 3982K, committed 4224K, reserved 1048576K
}
Event: 26.097 GC heap before
{Heap before GC invocations=6 (full 0):
 garbage-first heap   total 51200K, used 35897K [0x0000000081800000, 0x0000000100000000)
  region size 1024K, 19 young (19456K), 1 survivors (1024K)
 Metaspace       used 33627K, committed 34112K, reserved 1114112K
  class space    used 4553K, committed 4800K, reserved 1048576K
}
Event: 26.100 GC heap after
{Heap after GC invocations=7 (full 0):
 garbage-first heap   total 51200K, used 19158K [0x0000000081800000, 0x0000000100000000)
  region size 1024K, 2 young (2048K), 2 survivors (2048K)
 Metaspace       used 33627K, committed 34112K, reserved 1114112K
  class space    used 4553K, committed 4800K, reserved 1048576K
}
Event: 26.315 GC heap before
{Heap before GC invocations=7 (full 0):
 garbage-first heap   total 51200K, used 26326K [0x0000000081800000, 0x0000000100000000)
  region size 1024K, 10 young (10240K), 2 survivors (2048K)
 Metaspace       used 35672K, committed 36096K, reserved 1114112K
  class space    used 4746K, committed 4992K, reserved 1048576K
}
Event: 26.319 GC heap after
{Heap after GC invocations=8 (full 0):
 garbage-first heap   total 51200K, used 19432K [0x0000000081800000, 0x0000000100000000)
  region size 1024K, 2 young (2048K), 2 survivors (2048K)
 Metaspace       used 35672K, committed 36096K, reserved 1114112K
  class space    used 4746K, committed 4992K, reserved 1048576K
}
Event: 27.085 GC heap before
{Heap before GC invocations=9 (full 0):
 garbage-first heap   total 51200K, used 37864K [0x0000000081800000, 0x0000000100000000)
  region size 1024K, 21 young (21504K), 2 survivors (2048K)
 Metaspace       used 41092K, committed 41600K, reserved 1114112K
  class space    used 5454K, committed 5696K, reserved 1048576K
}
Event: 27.089 GC heap after
{Heap after GC invocations=10 (full 0):
 garbage-first heap   total 51200K, used 20281K [0x0000000081800000, 0x0000000100000000)
  region size 1024K, 3 young (3072K), 3 survivors (3072K)
 Metaspace       used 41092K, committed 41600K, reserved 1114112K
  class space    used 5454K, committed 5696K, reserved 1048576K
}
Event: 27.116 GC heap before
{Heap before GC invocations=10 (full 0):
 garbage-first heap   total 51200K, used 21305K [0x0000000081800000, 0x0000000100000000)
  region size 1024K, 4 young (4096K), 3 survivors (3072K)
 Metaspace       used 41335K, committed 41792K, reserved 1114112K
  class space    used 5488K, committed 5696K, reserved 1048576K
}
Event: 27.121 GC heap after
{Heap after GC invocations=11 (full 0):
 garbage-first heap   total 51200K, used 20017K [0x0000000081800000, 0x0000000100000000)
  region size 1024K, 1 young (1024K), 1 survivors (1024K)
 Metaspace       used 41335K, committed 41792K, reserved 1114112K
  class space    used 5488K, committed 5696K, reserved 1048576K
}
Event: 28.006 GC heap before
{Heap before GC invocations=11 (full 0):
 garbage-first heap   total 51200K, used 38449K [0x0000000081800000, 0x0000000100000000)
  region size 1024K, 20 young (20480K), 1 survivors (1024K)
 Metaspace       used 47257K, committed 47680K, reserved 1114112K
  class space    used 6469K, committed 6656K, reserved 1048576K
}
Event: 28.009 GC heap after
{Heap after GC invocations=12 (full 0):
 garbage-first heap   total 51200K, used 20438K [0x0000000081800000, 0x0000000100000000)
  region size 1024K, 1 young (1024K), 1 survivors (1024K)
 Metaspace       used 47257K, committed 47680K, reserved 1114112K
  class space    used 6469K, committed 6656K, reserved 1048576K
}

Dll operation events (20 events):
Event: 3.709 Loaded shared library C:\Users\HP\.openjfx\cache\19.0.2+1\amd64\api-ms-win-crt-locale-l1-1-0.dll
Event: 3.737 Loaded shared library C:\Users\HP\.openjfx\cache\19.0.2+1\amd64\api-ms-win-crt-math-l1-1-0.dll
Event: 3.854 Loaded shared library C:\Users\HP\.openjfx\cache\19.0.2+1\amd64\api-ms-win-crt-multibyte-l1-1-0.dll
Event: 3.885 Loaded shared library C:\Users\HP\.openjfx\cache\19.0.2+1\amd64\api-ms-win-crt-private-l1-1-0.dll
Event: 3.943 Loaded shared library C:\Users\HP\.openjfx\cache\19.0.2+1\amd64\api-ms-win-crt-process-l1-1-0.dll
Event: 3.979 Loaded shared library C:\Users\HP\.openjfx\cache\19.0.2+1\amd64\api-ms-win-crt-runtime-l1-1-0.dll
Event: 4.012 Loaded shared library C:\Users\HP\.openjfx\cache\19.0.2+1\amd64\api-ms-win-crt-stdio-l1-1-0.dll
Event: 4.078 Loaded shared library C:\Users\HP\.openjfx\cache\19.0.2+1\amd64\api-ms-win-crt-string-l1-1-0.dll
Event: 4.094 Loaded shared library C:\Users\HP\.openjfx\cache\19.0.2+1\amd64\api-ms-win-crt-time-l1-1-0.dll
Event: 4.126 Loaded shared library C:\Users\HP\.openjfx\cache\19.0.2+1\amd64\api-ms-win-crt-utility-l1-1-0.dll
Event: 4.429 Loaded shared library C:\Users\HP\.openjfx\cache\19.0.2+1\amd64\ucrtbase.dll
Event: 4.461 Loaded shared library C:\Users\HP\.openjfx\cache\19.0.2+1\amd64\vcruntime140.dll
Event: 4.519 Loaded shared library C:\Users\HP\.openjfx\cache\19.0.2+1\amd64\vcruntime140_1.dll
Event: 4.710 Loaded shared library C:\Users\HP\.openjfx\cache\19.0.2+1\amd64\msvcp140.dll
Event: 4.829 Loaded shared library C:\Users\HP\.openjfx\cache\19.0.2+1\amd64\msvcp140_1.dll
Event: 5.078 Loaded shared library C:\Users\HP\.openjfx\cache\19.0.2+1\amd64\msvcp140_2.dll
Event: 5.600 Loaded shared library C:\Users\HP\.openjfx\cache\19.0.2+1\amd64\prism_d3d.dll
Event: 6.348 Loaded shared library C:\Users\HP\.openjfx\cache\19.0.2+1\amd64\glass.dll
Event: 8.343 Loaded shared library C:\Users\HP\.openjfx\cache\19.0.2+1\amd64\javafx_font.dll
Event: 26.706 Loaded shared library C:\Program Files\Java\jdk-19\bin\verify.dll

Deoptimization events (20 events):
Event: 26.396 Thread 0x0000024e648b2950 Uncommon trap: trap_request=0xffffff45 fr.pc=0x0000024e5171f37c relative=0x00000000000003bc
Event: 26.396 Thread 0x0000024e648b2950 Uncommon trap: reason=unstable_if action=reinterpret pc=0x0000024e5171f37c method=java.lang.AbstractStringBuilder.isLatin1()Z @ 10 c2
Event: 26.396 Thread 0x0000024e648b2950 DEOPT PACKING pc=0x0000024e5171f37c sp=0x000000b2a45f9b60
Event: 26.396 Thread 0x0000024e648b2950 DEOPT UNPACKING pc=0x0000024e51166da3 sp=0x000000b2a45f9ae0 mode 2
Event: 26.533 Thread 0x0000024e648b2950 Uncommon trap: trap_request=0xffffff45 fr.pc=0x0000024e51804be0 relative=0x0000000000000340
Event: 26.533 Thread 0x0000024e648b2950 Uncommon trap: reason=unstable_if action=reinterpret pc=0x0000024e51804be0 method=java.util.jar.JarFile.match([B[B[B[B)I @ 29 c2
Event: 26.533 Thread 0x0000024e648b2950 DEOPT PACKING pc=0x0000024e51804be0 sp=0x000000b2a45fac40
Event: 26.533 Thread 0x0000024e648b2950 DEOPT UNPACKING pc=0x0000024e51166da3 sp=0x000000b2a45fabb8 mode 2
Event: 26.533 Thread 0x0000024e648b2950 DEOPT PACKING pc=0x0000024e4a3645e8 sp=0x000000b2a45f9d00
Event: 26.533 Thread 0x0000024e648b2950 DEOPT UNPACKING pc=0x0000024e51167543 sp=0x000000b2a45f9190 mode 0
Event: 26.648 Thread 0x0000024e648b2950 DEOPT PACKING pc=0x0000024e49fea157 sp=0x000000b2a45f75c0
Event: 26.648 Thread 0x0000024e648b2950 DEOPT UNPACKING pc=0x0000024e51167543 sp=0x000000b2a45f6a40 mode 0
Event: 26.924 Thread 0x0000024e648b2950 Uncommon trap: trap_request=0xffffff45 fr.pc=0x0000024e51830f6c relative=0x000000000000100c
Event: 26.924 Thread 0x0000024e648b2950 Uncommon trap: reason=unstable_if action=reinterpret pc=0x0000024e51830f6c method=jdk.internal.org.objectweb.asm.SymbolTable.addType(Ljava/lang/String;)I @ 33 c2
Event: 26.924 Thread 0x0000024e648b2950 DEOPT PACKING pc=0x0000024e51830f6c sp=0x000000b2a45fa4b0
Event: 26.924 Thread 0x0000024e648b2950 DEOPT UNPACKING pc=0x0000024e51166da3 sp=0x000000b2a45fa478 mode 2
Event: 27.275 Thread 0x0000024e648b2950 DEOPT PACKING pc=0x0000024e49d555a3 sp=0x000000b2a45fa800
Event: 27.275 Thread 0x0000024e648b2950 DEOPT UNPACKING pc=0x0000024e51167543 sp=0x000000b2a45f9c70 mode 0
Event: 27.836 Thread 0x0000024e648b2950 DEOPT PACKING pc=0x0000024e4a3a7321 sp=0x000000b2a45f6690
Event: 27.836 Thread 0x0000024e648b2950 DEOPT UNPACKING pc=0x0000024e51167543 sp=0x000000b2a45f5b98 mode 0

Classes loaded (20 events):
Event: 27.621 Loading class java/beans/Introspector
Event: 27.622 Loading class java/beans/Introspector done
Event: 27.622 Loading class java/beans/EventSetDescriptor
Event: 27.622 Loading class java/beans/FeatureDescriptor
Event: 27.622 Loading class java/beans/FeatureDescriptor done
Event: 27.622 Loading class java/beans/EventSetDescriptor done
Event: 27.622 Loading class java/beans/Introspector$1
Event: 27.622 Loading class jdk/internal/access/JavaBeansAccess
Event: 27.622 Loading class jdk/internal/access/JavaBeansAccess done
Event: 27.622 Loading class java/beans/Introspector$1 done
Event: 27.890 Loading class java/lang/reflect/AnnotatedArrayType
Event: 27.907 Loading class java/lang/reflect/AnnotatedArrayType done
Event: 27.942 Loading class java/lang/reflect/AnnotatedParameterizedType
Event: 27.942 Loading class java/lang/reflect/AnnotatedParameterizedType done
Event: 27.972 Loading class java/lang/foreign/ValueLayout
Event: 27.991 Loading class java/lang/foreign/MemoryLayout
Event: 27.992 Loading class java/lang/foreign/MemoryLayout done
Event: 27.992 Loading class java/lang/foreign/AbstractLayout
Event: 27.992 Loading class java/lang/foreign/AbstractLayout done
Event: 27.992 Loading class java/lang/foreign/ValueLayout done

Classes unloaded (0 events):
No events

Classes redefined (0 events):
No events

Internal exceptions (20 events):
Event: 26.168 Thread 0x0000024e648b2950 Exception <a 'sun/nio/fs/WindowsException'{0x0000000085672228}> (0x0000000085672228) 
thrown [s\open\src\hotspot\share\prims\jni.cpp, line 517]
Event: 26.205 Thread 0x0000024e648b2950 Exception <a 'sun/nio/fs/WindowsException'{0x00000000855d8bc0}> (0x00000000855d8bc0) 
thrown [s\open\src\hotspot\share\prims\jni.cpp, line 517]
Event: 26.207 Thread 0x0000024e648b2950 Exception <a 'sun/nio/fs/WindowsException'{0x00000000855e52f8}> (0x00000000855e52f8) 
thrown [s\open\src\hotspot\share\prims\jni.cpp, line 517]
Event: 26.532 Thread 0x0000024e648b2950 Exception <a 'sun/nio/fs/WindowsException'{0x0000000084ee52f8}> (0x0000000084ee52f8) 
thrown [s\open\src\hotspot\share\prims\jni.cpp, line 517]
Event: 26.575 Thread 0x0000024e648b2950 Exception <a 'java/lang/NoSuchMethodError'{0x0000000083d3e240}: 'long java.lang.invoke.DirectMethodHandle$Holder.invokeStatic(java.lang.Object, java.lang.Object)'> (0x0000000083d3e240) 
thrown [s\open\src\hotspot\share\interpreter\linkResolver.cpp, line 774]
Event: 26.575 Thread 0x0000024e648b2950 Exception <a 'java/lang/NoSuchMethodError'{0x0000000083d41da8}: 'long java.lang.invoke.DirectMethodHandle$Holder.invokeStaticInit(java.lang.Object, java.lang.Object)'> (0x0000000083d41da8) 
thrown [s\open\src\hotspot\share\interpreter\linkResolver.cpp, line 774]
Event: 26.577 Thread 0x0000024e648b2950 Exception <a 'java/lang/NoSuchMethodError'{0x0000000083d505e8}: 'long java.lang.invoke.DirectMethodHandle$Holder.invokeInterface(java.lang.Object, java.lang.Object)'> (0x0000000083d505e8) 
thrown [s\open\src\hotspot\share\interpreter\linkResolver.cpp, line 774]
Event: 26.578 Thread 0x0000024e648b2950 Exception <a 'java/lang/IncompatibleClassChangeError'{0x0000000083d540e0}: Found class java.lang.Object, but interface was expected> (0x0000000083d540e0) 
thrown [s\open\src\hotspot\share\interpreter\linkResolver.cpp, line 841]
Event: 26.942 Thread 0x0000024e648b2950 Exception <a 'java/lang/NoSuchMethodError'{0x00000000838f3850}: 'int java.lang.invoke.DirectMethodHandle$Holder.invokeVirtual(java.lang.Object, java.lang.Object)'> (0x00000000838f3850) 
thrown [s\open\src\hotspot\share\interpreter\linkResolver.cpp, line 774]
Event: 26.994 Thread 0x0000024e648b2950 Exception <a 'sun/nio/fs/WindowsException'{0x00000000836a4248}> (0x00000000836a4248) 
thrown [s\open\src\hotspot\share\prims\jni.cpp, line 517]
Event: 27.080 Thread 0x0000024e648b2950 Exception <a 'sun/nio/fs/WindowsException'{0x00000000835d9a70}> (0x00000000835d9a70) 
thrown [s\open\src\hotspot\share\prims\jni.cpp, line 517]
Event: 27.145 Thread 0x0000024e648b2950 Exception <a 'sun/nio/fs/WindowsException'{0x00000000856344e0}> (0x00000000856344e0) 
thrown [s\open\src\hotspot\share\prims\jni.cpp, line 517]
Event: 27.214 Thread 0x0000024e648b2950 Exception <a 'java/lang/NoSuchMethodError'{0x00000000855364a8}: 'java.lang.Object java.lang.invoke.DirectMethodHandle$Holder.invokeVirtual(java.lang.Object, java.lang.Object, java.lang.Object, java.lang.Object)'> (0x00000000855364a8) 
thrown [s\open\src\hotspot\share\interpreter\linkResolver.cpp, line 774]
Event: 27.215 Thread 0x0000024e648b2950 Exception <a 'sun/nio/fs/WindowsException'{0x0000000085541ae0}> (0x0000000085541ae0) 
thrown [s\open\src\hotspot\share\prims\jni.cpp, line 517]
Event: 27.215 Thread 0x0000024e648b2950 Exception <a 'java/lang/IncompatibleClassChangeError'{0x00000000855441b8}: Found class java.lang.Object, but interface was expected> (0x00000000855441b8) 
thrown [s\open\src\hotspot\share\interpreter\linkResolver.cpp, line 841]
Event: 27.216 Thread 0x0000024e648b2950 Exception <a 'java/lang/NoSuchMethodError'{0x000000008554e078}: 'int java.lang.invoke.DirectMethodHandle$Holder.invokeSpecialIFC(java.lang.Object, java.lang.Object, java.lang.Object, java.lang.Object, java.lang.Object)'> (0x000000008554e078) 
thrown [s\open\src\hotspot\share\interpreter\linkResolver.cpp, line 774]
Event: 27.274 Thread 0x0000024e648b2950 Exception <a 'java/lang/NoSuchMethodError'{0x0000000085436450}: 'java.lang.Object java.lang.invoke.DirectMethodHandle$Holder.invokeStatic(java.lang.Object, java.lang.Object, int, java.lang.Object)'> (0x0000000085436450) 
thrown [s\open\src\hotspot\share\interpreter\linkResolver.cpp, line 774]
Event: 27.274 Thread 0x0000024e648b2950 Exception <a 'java/lang/NoSuchMethodError'{0x000000008543a3e8}: 'java.lang.Object java.lang.invoke.DirectMethodHandle$Holder.invokeStaticInit(java.lang.Object, java.lang.Object, int, java.lang.Object)'> (0x000000008543a3e8) 
thrown [s\open\src\hotspot\share\interpreter\linkResolver.cpp, line 774]
Event: 27.428 Thread 0x0000024e648b2950 Exception <a 'sun/nio/fs/WindowsException'{0x00000000850ea1b8}> (0x00000000850ea1b8) 
thrown [s\open\src\hotspot\share\prims\jni.cpp, line 517]
Event: 28.302 Thread 0x0000024e648b2950 Exception <a 'java/lang/NoSuchMethodError'{0x00000000853f7a28}: 'void java.lang.invoke.DirectMethodHandle$Holder.invokeStaticInit(java.lang.Object, int, java.lang.Object, java.lang.Object, java.lang.Object, java.lang.Object)'> (0x00000000853f7a28) 
thrown [s\open\src\hotspot\share\interpreter\linkResolver.cpp, line 774]

VM Operations (20 events):
Event: 26.097 Executing VM operation: G1CollectForAllocation
Event: 26.100 Executing VM operation: G1CollectForAllocation done
Event: 26.315 Executing VM operation: CollectForMetadataAllocation
Event: 26.319 Executing VM operation: CollectForMetadataAllocation done
Event: 26.343 Executing VM operation: CollectForMetadataAllocation
Event: 26.343 Executing VM operation: CollectForMetadataAllocation done
Event: 26.368 Executing VM operation: G1PauseRemark
Event: 26.384 Executing VM operation: G1PauseRemark done
Event: 26.405 Executing VM operation: G1PauseCleanup
Event: 26.406 Executing VM operation: G1PauseCleanup done
Event: 26.821 Executing VM operation: HandshakeAllThreads
Event: 26.821 Executing VM operation: HandshakeAllThreads done
Event: 27.085 Executing VM operation: G1CollectForAllocation
Event: 27.089 Executing VM operation: G1CollectForAllocation done
Event: 27.115 Executing VM operation: G1CollectForAllocation
Event: 27.121 Executing VM operation: G1CollectForAllocation done
Event: 27.878 Executing VM operation: HandshakeAllThreads
Event: 27.878 Executing VM operation: HandshakeAllThreads done
Event: 28.005 Executing VM operation: G1CollectForAllocation
Event: 28.009 Executing VM operation: G1CollectForAllocation done

Events (20 events):
Event: 3.661 Thread 0x0000024e64aa6aa0 Thread added: 0x0000024e64aa6aa0
Event: 3.719 Thread 0x0000024e64aa4440 Thread added: 0x0000024e64aa4440
Event: 3.810 Thread 0x0000024e64ad53a0 Thread added: 0x0000024e64ad53a0
Event: 3.876 Thread 0x0000024e64ab5690 Thread added: 0x0000024e64ab5690
Event: 5.256 Thread 0x0000024e648b0420 Thread added: 0x0000024e648b0420
Event: 6.365 Thread 0x0000024e648b0970 Thread added: 0x0000024e648b0970
Event: 6.369 Thread 0x0000024e648b2950 Thread added: 0x0000024e648b2950
Event: 7.214 Thread 0x0000024e6433c920 Thread added: 0x0000024e6433c920
Event: 7.232 Thread 0x0000024e6433d910 Thread added: 0x0000024e6433d910
Event: 8.536 Thread 0x0000024e654e63c0 Thread added: 0x0000024e654e63c0
Event: 8.820 Thread 0x0000024e654e63c0 Thread exited: 0x0000024e654e63c0
Event: 13.567 Thread 0x0000024e65dc56d0 Thread added: 0x0000024e65dc56d0
Event: 13.718 Thread 0x0000024e65dc56d0 Thread exited: 0x0000024e65dc56d0
Event: 14.073 Thread 0x0000024e6433e900 Thread added: 0x0000024e6433e900
Event: 14.535 Thread 0x0000024e65d9dd90 Thread added: 0x0000024e65d9dd90
Event: 15.057 Thread 0x0000024e65d9dd90 Thread exited: 0x0000024e65d9dd90
Event: 15.828 Thread 0x0000024e64338eb0 Thread added: 0x0000024e64338eb0
Event: 22.503 Thread 0x0000024e65dd7080 Thread added: 0x0000024e65dd7080
Event: 22.939 Thread 0x0000024e65dd7080 Thread exited: 0x0000024e65dd7080
Event: 27.790 Thread 0x0000024e6cba2bf0 Thread added: 0x0000024e6cba2bf0


Dynamic libraries:
0x00007ff618380000 - 0x00007ff618390000 	C:\Program Files\Java\jdk-19\bin\java.exe
0x00007ffb49570000 - 0x00007ffb49768000 	C:\WINDOWS\SYSTEM32\ntdll.dll
0x00007ffb476d0000 - 0x00007ffb47792000 	C:\WINDOWS\System32\KERNEL32.DLL
0x00007ffb47220000 - 0x00007ffb4751f000 	C:\WINDOWS\System32\KERNELBASE.dll
0x00007ffb46f10000 - 0x00007ffb47010000 	C:\WINDOWS\System32\ucrtbase.dll
0x00007ffb38670000 - 0x00007ffb3868b000 	C:\Program Files\Java\jdk-19\bin\VCRUNTIME140.dll
0x00007ffb358b0000 - 0x00007ffb358c8000 	C:\Program Files\Java\jdk-19\bin\jli.dll
0x00007ffb48df0000 - 0x00007ffb48e9f000 	C:\WINDOWS\System32\ADVAPI32.dll
0x00007ffb49040000 - 0x00007ffb490de000 	C:\WINDOWS\System32\msvcrt.dll
0x00007ffb48ea0000 - 0x00007ffb48f3f000 	C:\WINDOWS\System32\sechost.dll
0x00007ffb47590000 - 0x00007ffb476b3000 	C:\WINDOWS\System32\RPCRT4.dll
0x00007ffb46e60000 - 0x00007ffb46e87000 	C:\WINDOWS\System32\bcrypt.dll
0x00007ffb48b30000 - 0x00007ffb48ccd000 	C:\WINDOWS\System32\USER32.dll
0x00007ffb46ee0000 - 0x00007ffb46f02000 	C:\WINDOWS\System32\win32u.dll
0x00007ffb48f40000 - 0x00007ffb48f6b000 	C:\WINDOWS\System32\GDI32.dll
0x00007ffb46ca0000 - 0x00007ffb46dba000 	C:\WINDOWS\System32\gdi32full.dll
0x00007ffb26df0000 - 0x00007ffb2708a000 	C:\WINDOWS\WinSxS\amd64_microsoft.windows.common-controls_6595b64144ccf1df_6.0.19041.4355_none_60b8b9eb71f62e16\COMCTL32.dll
0x00007ffb46dc0000 - 0x00007ffb46e5d000 	C:\WINDOWS\System32\msvcp_win.dll
0x00007ffb3f8a0000 - 0x00007ffb3f8aa000 	C:\WINDOWS\SYSTEM32\VERSION.dll
0x00007ffb48da0000 - 0x00007ffb48dcf000 	C:\WINDOWS\System32\IMM32.DLL
0x00007ffb43e60000 - 0x00007ffb43e6c000 	C:\Program Files\Java\jdk-19\bin\vcruntime140_1.dll
0x00007ffb195c0000 - 0x00007ffb1964e000 	C:\Program Files\Java\jdk-19\bin\msvcp140.dll
0x00007ffafdf90000 - 0x00007ffafec50000 	C:\Program Files\Java\jdk-19\bin\server\jvm.dll
0x00007ffb2f2e0000 - 0x00007ffb2f307000 	C:\WINDOWS\SYSTEM32\WINMM.dll
0x00007ffb2b820000 - 0x00007ffb2b829000 	C:\WINDOWS\SYSTEM32\WSOCK32.dll
0x00007ffb48f70000 - 0x00007ffb48fdb000 	C:\WINDOWS\System32\WS2_32.dll
0x00007ffb44c50000 - 0x00007ffb44c62000 	C:\WINDOWS\SYSTEM32\kernel.appcore.dll
0x00007ffb43260000 - 0x00007ffb4326a000 	C:\Program Files\Java\jdk-19\bin\jimage.dll
0x00007ffb44970000 - 0x00007ffb44b54000 	C:\WINDOWS\SYSTEM32\DBGHELP.DLL
0x00007ffb2a370000 - 0x00007ffb2a3a4000 	C:\WINDOWS\SYSTEM32\dbgcore.DLL
0x00007ffb46c10000 - 0x00007ffb46c92000 	C:\WINDOWS\System32\bcryptPrimitives.dll
0x00007ffb3f470000 - 0x00007ffb3f47e000 	C:\Program Files\Java\jdk-19\bin\instrument.dll
0x00007ffb2e590000 - 0x00007ffb2e5b6000 	C:\Program Files\Java\jdk-19\bin\java.dll
0x00007ffb18b80000 - 0x00007ffb18c57000 	C:\Program Files\Java\jdk-19\bin\jsvml.dll
0x00007ffb481b0000 - 0x00007ffb4891d000 	C:\WINDOWS\System32\SHELL32.dll
0x00007ffb44c70000 - 0x00007ffb45414000 	C:\WINDOWS\SYSTEM32\windows.storage.dll
0x00007ffb47800000 - 0x00007ffb47b55000 	C:\WINDOWS\System32\combase.dll
0x00007ffb46570000 - 0x00007ffb4659f000 	C:\WINDOWS\SYSTEM32\Wldp.dll
0x00007ffb48cd0000 - 0x00007ffb48d9d000 	C:\WINDOWS\System32\OLEAUT32.dll
0x00007ffb48a80000 - 0x00007ffb48b2d000 	C:\WINDOWS\System32\SHCORE.dll
0x00007ffb490e0000 - 0x00007ffb49135000 	C:\WINDOWS\System32\shlwapi.dll
0x00007ffb46b40000 - 0x00007ffb46b64000 	C:\WINDOWS\SYSTEM32\profapi.dll
0x00007ffb307b0000 - 0x00007ffb307c3000 	C:\Program Files\Java\jdk-19\bin\net.dll
0x00007ffb3d270000 - 0x00007ffb3d37a000 	C:\WINDOWS\SYSTEM32\WINHTTP.dll
0x00007ffb462d0000 - 0x00007ffb4633c000 	C:\WINDOWS\system32\mswsock.dll
0x00007ffb2e570000 - 0x00007ffb2e586000 	C:\Program Files\Java\jdk-19\bin\nio.dll
0x00007ffb2e380000 - 0x00007ffb2e398000 	C:\Program Files\Java\jdk-19\bin\zip.dll
0x00007ffb2e360000 - 0x00007ffb2e37a000 	C:\Users\HP\AppData\Local\Programs\IntelliJ IDEA Ultimate\bin\breakgen64.dll
0x00007ffb45ff0000 - 0x00007ffb460ba000 	C:\WINDOWS\SYSTEM32\DNSAPI.dll
0x00007ffb45fb0000 - 0x00007ffb45feb000 	C:\WINDOWS\SYSTEM32\IPHLPAPI.DLL
0x00007ffb476c0000 - 0x00007ffb476c8000 	C:\WINDOWS\System32\NSI.dll
0x00007ffb388e0000 - 0x00007ffb388ea000 	C:\Windows\System32\rasadhlp.dll
0x00007ffb378c0000 - 0x00007ffb37940000 	C:\WINDOWS\System32\fwpuclnt.dll
0x00007ffb2e420000 - 0x00007ffb2e42a000 	C:\Program Files\Java\jdk-19\bin\management.dll
0x00007ffb2e350000 - 0x00007ffb2e35b000 	C:\Program Files\Java\jdk-19\bin\management_ext.dll
0x00007ffb48de0000 - 0x00007ffb48de8000 	C:\WINDOWS\System32\PSAPI.DLL
0x0000024e41b80000 - 0x0000024e41b83000 	C:\Users\HP\.openjfx\cache\19.0.2+1\amd64\api-ms-win-core-console-l1-1-0.dll
0x0000024e41b90000 - 0x0000024e41b93000 	C:\Users\HP\.openjfx\cache\19.0.2+1\amd64\api-ms-win-core-console-l1-2-0.dll
0x0000024e41ba0000 - 0x0000024e41ba3000 	C:\Users\HP\.openjfx\cache\19.0.2+1\amd64\api-ms-win-core-datetime-l1-1-0.dll
0x0000024e41bb0000 - 0x0000024e41bb3000 	C:\Users\HP\.openjfx\cache\19.0.2+1\amd64\api-ms-win-core-debug-l1-1-0.dll
0x0000024e41bc0000 - 0x0000024e41bc3000 	C:\Users\HP\.openjfx\cache\19.0.2+1\amd64\api-ms-win-core-errorhandling-l1-1-0.dll
0x0000024e41bd0000 - 0x0000024e41bd4000 	C:\Users\HP\.openjfx\cache\19.0.2+1\amd64\api-ms-win-core-file-l1-1-0.dll
0x0000024e41be0000 - 0x0000024e41be3000 	C:\Users\HP\.openjfx\cache\19.0.2+1\amd64\api-ms-win-core-file-l1-2-0.dll
0x0000024e41bf0000 - 0x0000024e41bf3000 	C:\Users\HP\.openjfx\cache\19.0.2+1\amd64\api-ms-win-core-file-l2-1-0.dll
0x0000024e41c00000 - 0x0000024e41c03000 	C:\Users\HP\.openjfx\cache\19.0.2+1\amd64\api-ms-win-core-handle-l1-1-0.dll
0x0000024e41c10000 - 0x0000024e41c13000 	C:\Users\HP\.openjfx\cache\19.0.2+1\amd64\api-ms-win-core-heap-l1-1-0.dll
0x0000024e41c20000 - 0x0000024e41c23000 	C:\Users\HP\.openjfx\cache\19.0.2+1\amd64\api-ms-win-core-interlocked-l1-1-0.dll
0x0000024e5fd80000 - 0x0000024e5fd83000 	C:\Users\HP\.openjfx\cache\19.0.2+1\amd64\api-ms-win-core-libraryloader-l1-1-0.dll
0x0000024e5fd90000 - 0x0000024e5fd93000 	C:\Users\HP\.openjfx\cache\19.0.2+1\amd64\api-ms-win-core-localization-l1-2-0.dll
0x0000024e5fda0000 - 0x0000024e5fda3000 	C:\Users\HP\.openjfx\cache\19.0.2+1\amd64\api-ms-win-core-memory-l1-1-0.dll
0x0000024e5fdb0000 - 0x0000024e5fdb3000 	C:\Users\HP\.openjfx\cache\19.0.2+1\amd64\api-ms-win-core-namedpipe-l1-1-0.dll
0x0000024e5fdc0000 - 0x0000024e5fdc3000 	C:\Users\HP\.openjfx\cache\19.0.2+1\amd64\api-ms-win-core-processenvironment-l1-1-0.dll
0x0000024e5fdd0000 - 0x0000024e5fdd3000 	C:\Users\HP\.openjfx\cache\19.0.2+1\amd64\api-ms-win-core-processthreads-l1-1-0.dll
0x0000024e5fde0000 - 0x0000024e5fde3000 	C:\Users\HP\.openjfx\cache\19.0.2+1\amd64\api-ms-win-core-processthreads-l1-1-1.dll
0x0000024e5fdf0000 - 0x0000024e5fdf3000 	C:\Users\HP\.openjfx\cache\19.0.2+1\amd64\api-ms-win-core-profile-l1-1-0.dll
0x0000024e5fe00000 - 0x0000024e5fe03000 	C:\Users\HP\.openjfx\cache\19.0.2+1\amd64\api-ms-win-core-rtlsupport-l1-1-0.dll
0x0000024e5fe10000 - 0x0000024e5fe13000 	C:\Users\HP\.openjfx\cache\19.0.2+1\amd64\api-ms-win-core-string-l1-1-0.dll
0x0000024e5fe20000 - 0x0000024e5fe23000 	C:\Users\HP\.openjfx\cache\19.0.2+1\amd64\api-ms-win-core-synch-l1-1-0.dll
0x0000024e5fe30000 - 0x0000024e5fe33000 	C:\Users\HP\.openjfx\cache\19.0.2+1\amd64\api-ms-win-core-synch-l1-2-0.dll
0x0000024e5fe40000 - 0x0000024e5fe43000 	C:\Users\HP\.openjfx\cache\19.0.2+1\amd64\api-ms-win-core-sysinfo-l1-1-0.dll
0x0000024e5fe50000 - 0x0000024e5fe53000 	C:\Users\HP\.openjfx\cache\19.0.2+1\amd64\api-ms-win-core-timezone-l1-1-0.dll
0x00007ffb464c0000 - 0x00007ffb464d8000 	C:\WINDOWS\SYSTEM32\CRYPTSP.dll
0x00007ffb45bf0000 - 0x00007ffb45c24000 	C:\WINDOWS\system32\rsaenh.dll
0x00007ffb46b00000 - 0x00007ffb46b2e000 	C:\WINDOWS\SYSTEM32\USERENV.dll
0x00007ffb464e0000 - 0x00007ffb464ec000 	C:\WINDOWS\SYSTEM32\CRYPTBASE.dll
0x0000024e5fe60000 - 0x0000024e5fe63000 	C:\Users\HP\.openjfx\cache\19.0.2+1\amd64\api-ms-win-core-util-l1-1-0.dll
0x00007ffb3f240000 - 0x00007ffb3f257000 	C:\WINDOWS\SYSTEM32\dhcpcsvc6.DLL
0x00007ffb3f1e0000 - 0x00007ffb3f1fd000 	C:\WINDOWS\SYSTEM32\dhcpcsvc.DLL
0x0000024e5fe70000 - 0x0000024e5fe73000 	C:\Users\HP\.openjfx\cache\19.0.2+1\amd64\api-ms-win-crt-conio-l1-1-0.dll
0x0000024e5fe80000 - 0x0000024e5fe84000 	C:\Users\HP\.openjfx\cache\19.0.2+1\amd64\api-ms-win-crt-convert-l1-1-0.dll
0x0000024e5fe90000 - 0x0000024e5fe93000 	C:\Users\HP\.openjfx\cache\19.0.2+1\amd64\api-ms-win-crt-environment-l1-1-0.dll
0x00007ffb2ddc0000 - 0x00007ffb2ddd7000 	C:\WINDOWS\system32\napinsp.dll
0x0000024e5fea0000 - 0x0000024e5fea3000 	C:\Users\HP\.openjfx\cache\19.0.2+1\amd64\api-ms-win-crt-filesystem-l1-1-0.dll
0x00007ffb2dd50000 - 0x00007ffb2dd6b000 	C:\WINDOWS\system32\pnrpnsp.dll
0x00007ffb3fae0000 - 0x00007ffb3faf5000 	C:\WINDOWS\system32\wshbth.dll
0x00007ffb41e00000 - 0x00007ffb41e1d000 	C:\WINDOWS\system32\NLAapi.dll
0x00007ffb2e450000 - 0x00007ffb2e462000 	C:\WINDOWS\System32\winrnr.dll
0x0000024e5feb0000 - 0x0000024e5feb3000 	C:\Users\HP\.openjfx\cache\19.0.2+1\amd64\api-ms-win-crt-heap-l1-1-0.dll
0x0000024e5fec0000 - 0x0000024e5fec3000 	C:\Users\HP\.openjfx\cache\19.0.2+1\amd64\api-ms-win-crt-locale-l1-1-0.dll
0x0000024e5fed0000 - 0x0000024e5fed5000 	C:\Users\HP\.openjfx\cache\19.0.2+1\amd64\api-ms-win-crt-math-l1-1-0.dll
0x0000024e5fee0000 - 0x0000024e5fee5000 	C:\Users\HP\.openjfx\cache\19.0.2+1\amd64\api-ms-win-crt-multibyte-l1-1-0.dll
0x0000024e5fef0000 - 0x0000024e5ff00000 	C:\Users\HP\.openjfx\cache\19.0.2+1\amd64\api-ms-win-crt-private-l1-1-0.dll
0x0000024e5ff00000 - 0x0000024e5ff03000 	C:\Users\HP\.openjfx\cache\19.0.2+1\amd64\api-ms-win-crt-process-l1-1-0.dll
0x0000024e5ff10000 - 0x0000024e5ff14000 	C:\Users\HP\.openjfx\cache\19.0.2+1\amd64\api-ms-win-crt-runtime-l1-1-0.dll
0x0000024e5ff20000 - 0x0000024e5ff24000 	C:\Users\HP\.openjfx\cache\19.0.2+1\amd64\api-ms-win-crt-stdio-l1-1-0.dll
0x00007ffb26890000 - 0x00007ffb268e1000 	C:\WINDOWS\SYSTEM32\pdh.dll
0x0000024e5ff30000 - 0x0000024e5ff34000 	C:\Users\HP\.openjfx\cache\19.0.2+1\amd64\api-ms-win-crt-string-l1-1-0.dll
0x0000024e5ff70000 - 0x0000024e5ff73000 	C:\Users\HP\.openjfx\cache\19.0.2+1\amd64\api-ms-win-crt-time-l1-1-0.dll
0x0000024e5ff80000 - 0x0000024e5ff83000 	C:\Users\HP\.openjfx\cache\19.0.2+1\amd64\api-ms-win-crt-utility-l1-1-0.dll
0x00007ffb112a0000 - 0x00007ffb1139c000 	C:\Users\HP\.openjfx\cache\19.0.2+1\amd64\ucrtbase.dll
0x00007ffb2db00000 - 0x00007ffb2db1b000 	C:\Users\HP\.openjfx\cache\19.0.2+1\amd64\vcruntime140.dll
0x00007ffb2db80000 - 0x00007ffb2db8c000 	C:\Users\HP\.openjfx\cache\19.0.2+1\amd64\vcruntime140_1.dll
0x00007ffb385a0000 - 0x00007ffb38605000 	C:\WINDOWS\system32\mscoree.dll
0x00007ffb12230000 - 0x00007ffb122be000 	C:\Users\HP\.openjfx\cache\19.0.2+1\amd64\msvcp140.dll
0x00007ffb38500000 - 0x00007ffb3859b000 	C:\Windows\Microsoft.NET\Framework64\v4.0.30319\mscoreei.dll
0x00007ffb2db70000 - 0x00007ffb2db79000 	C:\Users\HP\.openjfx\cache\19.0.2+1\amd64\msvcp140_1.dll
0x00007ffb2c790000 - 0x00007ffb2c7b5000 	C:\Windows\Microsoft.NET\Framework64\v4.0.30319\CorperfmonExt.dll
0x00007ffb41da0000 - 0x00007ffb41db4000 	C:\WINDOWS\SYSTEM32\WTSAPI32.dll
0x00007ffb379a0000 - 0x00007ffb37a6d000 	C:\WINDOWS\SYSTEM32\ucrtbase_clr0400.dll
0x00007ffb384f0000 - 0x00007ffb384fc000 	C:\WINDOWS\SYSTEM32\VCRUNTIME140_1_CLR0400.dll
0x00007ffb37a70000 - 0x00007ffb37a8b000 	C:\WINDOWS\SYSTEM32\VCRUNTIME140_CLR0400.dll
0x00007ffb20b80000 - 0x00007ffb20bb0000 	C:\Users\HP\.openjfx\cache\19.0.2+1\amd64\msvcp140_2.dll
0x00007ffb2c770000 - 0x00007ffb2c785000 	C:\WINDOWS\system32\msscntrs.dll
0x00007ffb2daf0000 - 0x00007ffb2dafa000 	C:\Windows\System32\rasctrs.dll
0x00007ffb2d1d0000 - 0x00007ffb2d205000 	C:\WINDOWS\SYSTEM32\rasman.dll
0x00007ffb2cc60000 - 0x00007ffb2cc68000 	C:\WINDOWS\System32\tapiperf.dll
0x00007ffb2c470000 - 0x00007ffb2c478000 	C:\WINDOWS\system32\usbperf.dll
0x00007ffb43d50000 - 0x00007ffb43d5f000 	C:\WINDOWS\System32\perfproc.dll

dbghelp: loaded successfully - version: 4.0.5 - missing functions: none
symbol engine: initialized successfully - sym options: 0x614 - pdb path: .;C:\Program Files\Java\jdk-19\bin;C:\WINDOWS\SYSTEM32;C:\WINDOWS\WinSxS\amd64_microsoft.windows.common-controls_6595b64144ccf1df_6.0.19041.4355_none_60b8b9eb71f62e16;C:\Program Files\Java\jdk-19\bin\server;C:\Users\HP\AppData\Local\Programs\IntelliJ IDEA Ultimate\bin;C:\Users\HP\.openjfx\cache\19.0.2+1\amd64;C:\Windows\Microsoft.NET\Framework64\v4.0.30319;C:\WINDOWS\System32\DriverStore\FileRepository\iigd_dch.inf_amd64_51f685305808e3a5;C:\Program Files\Common Files\Microsoft Shared\Ink

VM Arguments:
jvm_args: -javaagent:C:\Users\HP\AppData\Local\Programs\IntelliJ IDEA Ultimate\lib\idea_rt.jar=53575:C:\Users\HP\AppData\Local\Programs\IntelliJ IDEA Ultimate\bin -Dfile.encoding=UTF-8 -Dsun.stdout.encoding=UTF-8 -Dsun.stderr.encoding=UTF-8 --module-path=C:\Users\HP\.m2\repository\com\fasterxml\woodstox\woodstox-core\6.2.7\woodstox-core-6.2.7.jar;C:\Users\HP\.m2\repository\jakarta\persistence\jakarta.persistence-api\3.1.0\jakarta.persistence-api-3.1.0.jar;C:\Users\HP\.m2\repository\jakarta\activation\jakarta.activation-api\2.1.0\jakarta.activation-api-2.1.0.jar;C:\Users\HP\.m2\repository\com\twilio\sdk\twilio\8.32.0\twilio-8.32.0.jar;C:\Users\HP\.m2\repository\org\codehaus\woodstox\stax2-api\4.2.1\stax2-api-4.2.1.jar;C:\Users\HP\.m2\repository\org\openjfx\javafx-base\19.0.2\javafx-base-19.0.2-win.jar;C:\Users\HP\.m2\repository\org\openjfx\javafx-fxml\19.0.2\javafx-fxml-19.0.2-win.jar;C:\Users\HP\.m2\repository\org\postgresql\postgresql\42.7.2\postgresql-42.7.2.jar;C:\Users\HP\.m2\repository\org\openjfx\javafx-controls\19.0.2\javafx-controls-19.0.2-win.jar;C:\Users\HP\Desktop\Java\java_JEE_code\Ressources_humaines\target\classes;C:\Users\HP\.m2\repository\org\hibernate\orm\hibernate-core\6.2.6.Final\hibernate-core-6.2.6.Final.jar;C:\Users\HP\.m2\repository\org\eclipse\angus\angus-activation\2.0.0\angus-activation-2.0.0.jar;C:\Users\HP\.m2\repository\org\openjfx\javafx-graphics\19.0.2\javafx-graphics-19.0.2-win.jar -Djdk.module.main=org.example.Ressources_humaines 
java_command: org.example.Ressources_humaines/org.example.Ressources_humaines.HelloApplication
java_class_path (initial): C:\Users\HP\.m2\repository\org\openjfx\javafx-controls\19.0.2\javafx-controls-19.0.2.jar;C:\Users\HP\.m2\repository\org\openjfx\javafx-graphics\19.0.2\javafx-graphics-19.0.2.jar;C:\Users\HP\.m2\repository\org\openjfx\javafx-base\19.0.2\javafx-base-19.0.2.jar;C:\Users\HP\.m2\repository\org\openjfx\javafx-fxml\19.0.2\javafx-fxml-19.0.2.jar;C:\Users\HP\.m2\repository\commons-codec\commons-codec\1.15\commons-codec-1.15.jar;C:\Users\HP\.m2\repository\commons-io\commons-io\2.7\commons-io-2.7.jar;C:\Users\HP\.m2\repository\io\jsonwebtoken\jjwt-api\0.11.2\jjwt-api-0.11.2.jar;C:\Users\HP\.m2\repository\io\jsonwebtoken\jjwt-jackson\0.11.2\jjwt-jackson-0.11.2.jar;C:\Users\HP\.m2\repository\io\jsonwebtoken\jjwt-impl\0.11.2\jjwt-impl-0.11.2.jar;C:\Users\HP\.m2\repository\org\apache\httpcomponents\httpclient\4.5.13\httpclient-4.5.13.jar;C:\Users\HP\.m2\repository\commons-logging\commons-logging\1.2\commons-logging-1.2.jar;C:\Users\HP\.m2\repository\org\apache\httpcomponents\httpcore\4.4.13\httpcore-4.4.13.jar;C:\Users\HP\.m2\repository\com\fasterxml\jackson\core\jackson-core\2.13.3\jackson-core-2.13.3.jar;C:\Users\HP\.m2\repository\com\fasterxml\jackson\core\jackson-annotations\2.13.3\jackson-annotations-2.13.3.jar;C:\Users\HP\.m2\repository\com\fasterxml\jackson\core\jackson-databind\2.13.3\jackson-databind-2.13.3.jar;C:\Users\HP\.m2\repository\com\fasterxml\jackson\datatype\jackson-datatype-jsr310\2.13.3\jackson-datatype-jsr310-2.13.3.jar;C:\Users\HP\.m2\repository\com\fasterxml\jackson\dataformat\jackson-dataformat-xml\2.13.3\jackson-dataformat-xml-2.13.3.jar;C:\Users\HP\.m2\repository\org\slf4j\slf4j-api\1.7.30\slf4j-api-1.7.30.jar;C:\Users\HP\.m2\repository\javax\xml\bind\jaxb-api\2.3.1\jaxb-api-2.3.1.jar;C:\Users\HP\.m2\repository\jakarta\transaction\jakarta.transaction-api\2.0.1\jakarta.transaction-api-2.0.1.jar;C:\Users\HP\.m2\repository\org\jboss\logging\jboss-logging\3.5.0.Final\jboss-logging-3.5.0.Final.jar;C:\Users\HP\.m2\repository\org\hibernate\common\hibernate-commons-annotations\6.0.6.Final\hibernate-commons-annotations-6.0.6.Final.jar;C:\Users\HP\.m2\repository\io\smallrye\jandex\3.0.5\jandex-3.0.5.jar;C:\Users\HP\.m2\repository\com\fasterxml\classmate\1.5.1\classmate-1.5.1.jar;C:\Users\HP\.m2\repository\net\bytebuddy\byte-buddy\1.12.18\byte-buddy-1.12.18.jar;C:\Users\HP\.m2\repository\jakarta\xml\bind\jakarta.xml.bind-api\4.0.0\jakarta.xml.bind-api-4.0.0.jar;C:\Users\HP\.m2\repository\org\glassfish\jaxb\jaxb-runtime\4.0.2\jaxb-runtime-4.0.2.jar;C:\Users\HP\.m2\repository\org\glassfish\jaxb\jaxb-core\4.0.2\jaxb-core-4.0.2.jar;C:\Users\HP\.m2\repository\org\glassfish\jaxb\txw2\4.0.2\txw2-4.0.2.jar;C:\Users\HP\.m2\repository\com\sun\istack\istack-commons-runtime\4.1.1\istack-commons-runtime-4.1.1.jar;C:\Users\HP\.m2\repository\jakarta\inject\jakarta.inject-api\2.0.1\jakarta.inject-api-2.0.1.jar;C:\Users\HP\.m2\repository\org\antlr\antlr4-runtime\4.10.1\antlr4-runtime-4.10.1.jar;C:\Users\HP\.m2\repository\org\checkerframework\checker-qual\3.42.0\checker-qual-3.42.0.jar
Launcher Type: SUN_STANDARD

[Global flags]
     intx CICompilerCount                          = 3                                         {product} {ergonomic}
     uint ConcGCThreads                            = 1                                         {product} {ergonomic}
     uint G1ConcRefinementThreads                  = 4                                         {product} {ergonomic}
   size_t G1HeapRegionSize                         = 1048576                                   {product} {ergonomic}
    uintx GCDrainStackTargetSize                   = 64                                        {product} {ergonomic}
   size_t InitialHeapSize                          = 134217728                                 {product} {ergonomic}
   size_t MarkStackSize                            = 4194304                                   {product} {ergonomic}
   size_t MaxHeapSize                              = 2122317824                                {product} {ergonomic}
   size_t MaxNewSize                               = 1272971264                                {product} {ergonomic}
   size_t MinHeapDeltaBytes                        = 1048576                                   {product} {ergonomic}
   size_t MinHeapSize                              = 8388608                                   {product} {ergonomic}
    uintx NonNMethodCodeHeapSize                   = 5832780                                {pd product} {ergonomic}
    uintx NonProfiledCodeHeapSize                  = 122912730                              {pd product} {ergonomic}
    uintx ProfiledCodeHeapSize                     = 122912730                              {pd product} {ergonomic}
    uintx ReservedCodeCacheSize                    = 251658240                              {pd product} {ergonomic}
     bool SegmentedCodeCache                       = true                                      {product} {ergonomic}
   size_t SoftMaxHeapSize                          = 2122317824                             {manageable} {ergonomic}
     bool UseCompressedClassPointers               = true                           {product lp64_product} {ergonomic}
     bool UseCompressedOops                        = true                           {product lp64_product} {ergonomic}
     bool UseG1GC                                  = true                                      {product} {ergonomic}
     bool UseLargePagesIndividualAllocation        = false                                  {pd product} {ergonomic}

Logging:
Log output configuration:
 #0: stdout all=warning uptime,level,tags foldmultilines=false
 #1: stderr all=off uptime,level,tags foldmultilines=false

Environment Variables:
JAVA_HOME=C:\Program Files\Java\jdk-17
PATH=C:\Users\HP\Desktop\Programmation\CoursSupInfo\MERISE\product\11.2.0\dbhome_1\bin;C:\Users\HP\AppData\Local\Programs\Python\Python312\Scripts\;C:\Users\HP\AppData\Local\Programs\Python\Python312\;C:\Program Files\Common Files\Oracle\Java\javapath;C:\Program Files (x86)\Common Files\Oracle\Java\java8path;C:\Program Files (x86)\Common Files\Oracle\Java\javapath;C:\Program Files\Python38\Scripts\;C:\Program Files\Python38\;C:\Program Files\OpenJDK\jdk-8.0.352.08-hotspot\bin;C:\ProgramData\Oracle\Java\javapath;C:\WINDOWS\system32;C:\WINDOWS;C:\WINDOWS\System32\Wbem;C:\WINDOWS\System32\WindowsPowerShell\v1.0\;C:\WINDOWS\System32\OpenSSH\;C:\Program Files\Java\jdk-17bin;C:\Program Files\Java\jdk-17;C:\Windows\System32\;C:\Program Files\Microsoft SQL Server\150\Tools\Binn\;C:\Program Files\dotnet\;C:\Program Files\Git\cmd;C:\Program Files\nodejs\;C:\xampp\php;C:\composer;C:\Program Files\MATLAB\R2015b\runtime\win64;C:\Program Files\MATLAB\R2015b\bin;C:\Program Files\MATLAB\R2015b\polyspace\bin;C:\Program Files\heroku\bin;C:\Users\HP\AppData\Local\Microsoft\WindowsApps;C:\Program Files\Java\jdk-17;C:\Program Files (x86)\winlibs-x86_64-posix-seh-gcc-12.2.0-mingw-w64ucrt-10.0.0-r2\mingw64\bin;C:\Program Files (x86)\winlibs-x86_64-posix-seh-gcc-12.2.0-llvm-14.0.6-mingw-w64ucrt-10.0.0-r2\mingw64\bin;C:\Program Files\JetBrains\IntelliJ IDEA Community Edition 2022.3.1\bin;C:\Program Files\Java\jdk-20\bin;C:\jre-1.8\bin;C:\Program Files\JetBrains\PyCharm 2023.1.3\bin;C:\Program Files\JetBrains\PyCharm Community Edition 2023.2.4\bin;C:\Program Files\JetBrains\CLion 2023.3.3\bin;;C:\Program Files\JetBrains\WebStorm 2023.3.3\bin;;C:\Users\HP\AppData\Local\JetBrains\Toolbox\scripts;C:\Users\HP\AppData\Local\GitHubDesktop\bin;C:\Users\HP\.dotnet\tools;C:\Users\HP\AppData\Roaming\npm;C:\Users\HP\AppData\Roaming\Composer\vendor\bin;C:\Program Files\PostgreSQL\17\bin;
USERNAME=HP
OS=Windows_NT
PROCESSOR_IDENTIFIER=Intel64 Family 6 Model 142 Stepping 9, GenuineIntel
TMP=C:\Users\HP\AppData\Local\Temp
TEMP=C:\Users\HP\AppData\Local\Temp



---------------  S Y S T E M  ---------------

OS:
 Windows 10 , 64 bit Build 19041 (10.0.19041.5438)
OS uptime: 5 days 0:19 hours

CPU: total 4 (initial active 4) (2 cores per cpu, 2 threads per core) family 6 model 142 stepping 9 microcode 0xf6, cx8, cmov, fxsr, ht, mmx, 3dnowpref, sse, sse2, sse3, ssse3, sse4.1, sse4.2, popcnt, lzcnt, tsc, tscinvbit, avx, avx2, aes, erms, clmul, bmi1, bmi2, adx, fma, vzeroupper, clflush, clflushopt, rdtscp

Memory: 4k page, system-wide physical 8094M (704M free)
TotalPageFile size 10142M (AvailPageFile size 2M)
current process WorkingSet (physical memory assigned to process): 274M, peak: 274M
current process commit charge ("private bytes"): 298M, peak: 298M

vm_info: Java HotSpot(TM) 64-Bit Server VM (19.0.1+10-21) for windows-amd64 JRE (19.0.1+10-21), built on 2022-09-14T12:45:06Z by "mach5one" with MS VC++ 17.1 (VS2022)

END.
