#
# There is insufficient memory for the Java Runtime Environment to continue.
# Native memory allocation (malloc) failed to allocate 131088 bytes for Chunk::new
# Possible reasons:
#   The system is out of physical RAM or swap space
#   The process is running with CompressedOops enabled, and the Java Heap may be blocking the growth of the native heap
# Possible solutions:
#   Reduce memory load on the system
#   Increase physical memory or swap space
#   Check if swap backing store is full
#   Decrease Java heap size (-Xmx/-Xms)
#   Decrease number of Java threads
#   Decrease Java thread stack sizes (-Xss)
#   Set larger code cache with -XX:ReservedCodeCacheSize=
#   JVM is running with Unscaled Compressed Oops mode in which the Java heap is
#     placed in the first 4GB address space. The Java Heap base address is the
#     maximum limit for the native heap growth. Please use -XX:HeapBaseMinAddress
#     to set the Java Heap base and to place the Java Heap above 4GB virtual address.
# This output file may be truncated or incomplete.
#
#  Out of Memory Error (arena.cpp:184), pid=8684, tid=10224
#
# JRE version: Java(TM) SE Runtime Environment (19.0.1+10) (build 19.0.1+10-21)
# Java VM: Java HotSpot(TM) 64-Bit Server VM (19.0.1+10-21, mixed mode, sharing, tiered, compressed oops, compressed class ptrs, g1 gc, windows-amd64)
# No core dump will be written. Minidumps are not enabled by default on client versions of Windows
#

---------------  S U M M A R Y ------------

Command Line: -javaagent:C:\Users\HP\AppData\Local\Programs\IntelliJ IDEA Ultimate\lib\idea_rt.jar=55325:C:\Users\HP\AppData\Local\Programs\IntelliJ IDEA Ultimate\bin -Dfile.encoding=UTF-8 -Dsun.stdout.encoding=UTF-8 -Dsun.stderr.encoding=UTF-8 --module-path=C:\Users\HP\.m2\repository\jakarta\activation\jakarta.activation-api\2.1.0\jakarta.activation-api-2.1.0.jar;C:\Users\HP\Desktop\Java\projet_java_licence_3\Ressources_humaines\target\classes;C:\Users\HP\.m2\repository\org\openjfx\javafx-graphics\19.0.2\javafx-graphics-19.0.2-win.jar;C:\Users\HP\.m2\repository\com\fasterxml\woodstox\woodstox-core\6.2.7\woodstox-core-6.2.7.jar;C:\Users\HP\.m2\repository\org\hibernate\orm\hibernate-core\6.2.6.Final\hibernate-core-6.2.6.Final.jar;C:\Users\HP\.m2\repository\com\twilio\sdk\twilio\8.32.0\twilio-8.32.0.jar;C:\Users\HP\.m2\repository\org\openjfx\javafx-base\19.0.2\javafx-base-19.0.2-win.jar;C:\Users\HP\.m2\repository\org\openjfx\javafx-fxml\19.0.2\javafx-fxml-19.0.2-win.jar;C:\Users\HP\.m2\repository\org\codehaus\woodstox\stax2-api\4.2.1\stax2-api-4.2.1.jar;C:\Users\HP\.m2\repository\jakarta\persistence\jakarta.persistence-api\3.1.0\jakarta.persistence-api-3.1.0.jar;C:\Users\HP\.m2\repository\org\postgresql\postgresql\42.7.2\postgresql-42.7.2.jar;C:\Users\HP\.m2\repository\org\eclipse\angus\angus-activation\2.0.0\angus-activation-2.0.0.jar;C:\Users\HP\.m2\repository\org\openjfx\javafx-controls\19.0.2\javafx-controls-19.0.2-win.jar -Djdk.module.main=org.example.Ressources_humaines org.example.Ressources_humaines/org.example.Ressources_humaines.HelloApplication

Host: Intel(R) Core(TM) i3-7020U CPU @ 2.30GHz, 4 cores, 7G,  Windows 10 , 64 bit Build 19041 (10.0.19041.5438)
Time: Sat Mar  1 09:37:26 2025 Greenwich elapsed time: 22.782369 seconds (0d 0h 0m 22s)

---------------  T H R E A D  ---------------

Current thread (0x0000023dda050760):  JavaThread "C2 CompilerThread0" daemon [_thread_in_native, id=10224, stack(0x000000a68aa00000,0x000000a68ab00000)]


Current CompileTask:
C2:  22804 1722       4       java.io.DataInputStream::readUTF (501 bytes)

Stack: [0x000000a68aa00000,0x000000a68ab00000]
Native frames: (J=compiled Java code, j=interpreted, Vv=VM code, C=native code)
V  [jvm.dll+0x6ee8fa]
V  [jvm.dll+0x857a1e]
V  [jvm.dll+0x85940e]
V  [jvm.dll+0x859ac3]
V  [jvm.dll+0x28291f]
V  [jvm.dll+0xc9b5f]
V  [jvm.dll+0xc9ee5]
V  [jvm.dll+0xc9c84]
V  [jvm.dll+0x715b2f]
V  [jvm.dll+0x1db2e3]
V  [jvm.dll+0x71421d]
V  [jvm.dll+0x713b92]
V  [jvm.dll+0x24c5c9]
V  [jvm.dll+0x24b671]
V  [jvm.dll+0x1d6d61]
V  [jvm.dll+0x25b0fa]
V  [jvm.dll+0x259588]
V  [jvm.dll+0x807928]
V  [jvm.dll+0x8015fa]
V  [jvm.dll+0x6ed5eb]
C  [ucrtbase.dll+0x21bb2]
C  [KERNEL32.DLL+0x17374]
C  [ntdll.dll+0x4cc91]


---------------  P R O C E S S  ---------------

Threads class SMR info:
_java_thread_list=0x0000023ddec70c90, length=19, elements={
0x0000023dbc0de480, 0x0000023dda040410, 0x0000023dda040d40, 0x0000023dda044fd0,
0x0000023dda047910, 0x0000023dda04a250, 0x0000023dda04dc10, 0x0000023dda050760,
0x0000023dda0547c0, 0x0000023dda079930, 0x0000023dde4c2a90, 0x0000023ddeb7f8d0,
0x0000023ddf248500, 0x0000023ddf6901e0, 0x0000023dde4279d0, 0x0000023ddf39e430,
0x0000023dde4efc50, 0x0000023dde4eec60, 0x0000023dde4ecc80
}

Java Threads: ( => current thread )
  0x0000023dbc0de480 JavaThread "main" [_thread_blocked, id=14996, stack(0x000000a689d00000,0x000000a689e00000)]
  0x0000023dda040410 JavaThread "Reference Handler" daemon [_thread_blocked, id=4188, stack(0x000000a68a400000,0x000000a68a500000)]
  0x0000023dda040d40 JavaThread "Finalizer" daemon [_thread_blocked, id=7456, stack(0x000000a68a500000,0x000000a68a600000)]
  0x0000023dda044fd0 JavaThread "Signal Dispatcher" daemon [_thread_blocked, id=3968, stack(0x000000a68a600000,0x000000a68a700000)]
  0x0000023dda047910 JavaThread "Attach Listener" daemon [_thread_blocked, id=14020, stack(0x000000a68a700000,0x000000a68a800000)]
  0x0000023dda04a250 JavaThread "Service Thread" daemon [_thread_blocked, id=12436, stack(0x000000a68a800000,0x000000a68a900000)]
  0x0000023dda04dc10 JavaThread "Monitor Deflation Thread" daemon [_thread_blocked, id=10900, stack(0x000000a68a900000,0x000000a68aa00000)]
=>0x0000023dda050760 JavaThread "C2 CompilerThread0" daemon [_thread_in_native, id=10224, stack(0x000000a68aa00000,0x000000a68ab00000)]
  0x0000023dda0547c0 JavaThread "C1 CompilerThread0" daemon [_thread_blocked, id=15004, stack(0x000000a68ab00000,0x000000a68ac00000)]
  0x0000023dda079930 JavaThread "Sweeper thread" daemon [_thread_blocked, id=8888, stack(0x000000a68ac00000,0x000000a68ad00000)]
  0x0000023dde4c2a90 JavaThread "Common-Cleaner" daemon [_thread_blocked, id=12592, stack(0x000000a68ad00000,0x000000a68ae00000)]
  0x0000023ddeb7f8d0 JavaThread "Monitor Ctrl-Break" daemon [_thread_in_native, id=10076, stack(0x000000a68ae00000,0x000000a68af00000)]
  0x0000023ddf248500 JavaThread "Notification Thread" daemon [_thread_blocked, id=3876, stack(0x000000a68b100000,0x000000a68b200000)]
  0x0000023ddf6901e0 JavaThread "QuantumRenderer-0" daemon [_thread_blocked, id=11436, stack(0x000000a68b300000,0x000000a68b400000)]
  0x0000023dde4279d0 JavaThread "InvokeLaterDispatcher" daemon [_thread_blocked, id=12084, stack(0x000000a68b400000,0x000000a68b500000)]
  0x0000023ddf39e430 JavaThread "JavaFX Application Thread" [_thread_in_native, id=736, stack(0x000000a68b500000,0x000000a68b600000)]
  0x0000023dde4efc50 JavaThread "Thread-1" daemon [_thread_in_native, id=13804, stack(0x000000a68b900000,0x000000a68ba00000)]
  0x0000023dde4eec60 JavaThread "JavaFX-Launcher" [_thread_blocked, id=9376, stack(0x000000a68ba00000,0x000000a68bb00000)]
  0x0000023dde4ecc80 JavaThread "PostgreSQL-JDBC-Cleaner" daemon [_thread_blocked, id=11000, stack(0x000000a68be00000,0x000000a68bf00000)]

Other Threads:
  0x0000023dda026300 VMThread "VM Thread" [stack: 0x000000a68a300000,0x000000a68a400000] [id=12096]
  0x0000023ddefeb510 WatcherThread "VM Periodic Task Thread" [stack: 0x000000a68b200000,0x000000a68b300000] [id=13904]
  0x0000023dbc13dd80 WorkerThread "GC Thread#0" [stack: 0x000000a689e00000,0x000000a689f00000] [id=8388]
  0x0000023dde632a00 WorkerThread "GC Thread#1" [stack: 0x000000a68af00000,0x000000a68b000000] [id=10824]
  0x0000023ddeb2a070 WorkerThread "GC Thread#2" [stack: 0x000000a68b000000,0x000000a68b100000] [id=13016]
  0x0000023dde68e2b0 WorkerThread "GC Thread#3" [stack: 0x000000a68bb00000,0x000000a68bc00000] [id=11852]
  0x0000023dbc14e8e0 ConcurrentGCThread "G1 Main Marker" [stack: 0x000000a689f00000,0x000000a68a000000] [id=14672]
  0x0000023dbc14fb60 WorkerThread "G1 Conc#0" [stack: 0x000000a68a000000,0x000000a68a100000] [id=12580]
  0x0000023dbc19e5a0 ConcurrentGCThread "G1 Refine#0" [stack: 0x000000a68a100000,0x000000a68a200000] [id=4624]
  0x0000023dd9ee50e0 ConcurrentGCThread "G1 Service" [stack: 0x000000a68a200000,0x000000a68a300000] [id=12348]

Threads with active compile tasks:
C2 CompilerThread0    23258 1722       4       java.io.DataInputStream::readUTF (501 bytes)

VM state: not at safepoint (normal execution)

VM Mutex/Monitor currently owned by a thread: None

Heap address: 0x0000000081800000, size: 2024 MB, Compressed Oops mode: 32-bit

CDS archive(s) mapped at: [0x0000000800000000-0x0000000800c40000-0x0000000800c40000), size 12845056, SharedBaseAddress: 0x0000000800000000, ArchiveRelocationMode: 0.
Compressed class space mapped at: 0x0000000801000000-0x0000000841000000, reserved size: 1073741824
Narrow klass base: 0x0000000800000000, Narrow klass shift: 0, Narrow klass range: 0x100000000

GC Precious Log:
 CardTable entry size: 512
 Card Set container configuration: InlinePtr #cards 5 size 8 Array Of Cards #cards 12 size 40 Howl #buckets 4 coarsen threshold 1843 Howl Bitmap #cards 512 size 80 coarsen threshold 460 Card regions per heap region 1 cards per card region 2048
 CPUs: 4 total, 4 available
 Memory: 8094M
 Large Page Support: Disabled
 NUMA Support: Disabled
 Compressed Oops: Enabled (32-bit)
 Heap Region Size: 1M
 Heap Min Capacity: 8M
 Heap Initial Capacity: 128M
 Heap Max Capacity: 2024M
 Pre-touch: Disabled
 Parallel Workers: 4
 Concurrent Workers: 1
 Concurrent Refinement Workers: 4
 Periodic GC: Disabled

Heap:
 garbage-first heap   total 131072K, used 30480K [0x0000000081800000, 0x0000000100000000)
  region size 1024K, 30 young (30720K), 3 survivors (3072K)
 Metaspace       used 13033K, committed 13312K, reserved 1114112K
  class space    used 1608K, committed 1728K, reserved 1048576K

Heap Regions: E=young(eden), S=young(survivor), O=old, HS=humongous(starts), HC=humongous(continues), CS=collection set, F=free, OA=open archive, CA=closed archive, TAMS=top-at-mark-start (previous, next)
|   0|0x0000000081800000, 0x00000000818c4000, 0x0000000081900000| 76%| O|  |TAMS 0x0000000081800000, 0x0000000081800000| Untracked 
|   1|0x0000000081900000, 0x0000000081a00000, 0x0000000081a00000|100%|HS|  |TAMS 0x0000000081900000, 0x0000000081900000| Complete 
|   2|0x0000000081a00000, 0x0000000081a00000, 0x0000000081b00000|  0%| F|  |TAMS 0x0000000081a00000, 0x0000000081a00000| Untracked 
|   3|0x0000000081b00000, 0x0000000081b00000, 0x0000000081c00000|  0%| F|  |TAMS 0x0000000081b00000, 0x0000000081b00000| Untracked 
|   4|0x0000000081c00000, 0x0000000081c00000, 0x0000000081d00000|  0%| F|  |TAMS 0x0000000081c00000, 0x0000000081c00000| Untracked 
|   5|0x0000000081d00000, 0x0000000081d00000, 0x0000000081e00000|  0%| F|  |TAMS 0x0000000081d00000, 0x0000000081d00000| Untracked 
|   6|0x0000000081e00000, 0x0000000081e00000, 0x0000000081f00000|  0%| F|  |TAMS 0x0000000081e00000, 0x0000000081e00000| Untracked 
|   7|0x0000000081f00000, 0x0000000081f00000, 0x0000000082000000|  0%| F|  |TAMS 0x0000000081f00000, 0x0000000081f00000| Untracked 
|   8|0x0000000082000000, 0x0000000082000000, 0x0000000082100000|  0%| F|  |TAMS 0x0000000082000000, 0x0000000082000000| Untracked 
|   9|0x0000000082100000, 0x0000000082100000, 0x0000000082200000|  0%| F|  |TAMS 0x0000000082100000, 0x0000000082100000| Untracked 
|  10|0x0000000082200000, 0x0000000082200000, 0x0000000082300000|  0%| F|  |TAMS 0x0000000082200000, 0x0000000082200000| Untracked 
|  11|0x0000000082300000, 0x0000000082300000, 0x0000000082400000|  0%| F|  |TAMS 0x0000000082300000, 0x0000000082300000| Untracked 
|  12|0x0000000082400000, 0x0000000082400000, 0x0000000082500000|  0%| F|  |TAMS 0x0000000082400000, 0x0000000082400000| Untracked 
|  13|0x0000000082500000, 0x0000000082500000, 0x0000000082600000|  0%| F|  |TAMS 0x0000000082500000, 0x0000000082500000| Untracked 
|  14|0x0000000082600000, 0x0000000082600000, 0x0000000082700000|  0%| F|  |TAMS 0x0000000082600000, 0x0000000082600000| Untracked 
|  15|0x0000000082700000, 0x0000000082700000, 0x0000000082800000|  0%| F|  |TAMS 0x0000000082700000, 0x0000000082700000| Untracked 
|  16|0x0000000082800000, 0x0000000082800000, 0x0000000082900000|  0%| F|  |TAMS 0x0000000082800000, 0x0000000082800000| Untracked 
|  17|0x0000000082900000, 0x0000000082900000, 0x0000000082a00000|  0%| F|  |TAMS 0x0000000082900000, 0x0000000082900000| Untracked 
|  18|0x0000000082a00000, 0x0000000082a00000, 0x0000000082b00000|  0%| F|  |TAMS 0x0000000082a00000, 0x0000000082a00000| Untracked 
|  19|0x0000000082b00000, 0x0000000082b00000, 0x0000000082c00000|  0%| F|  |TAMS 0x0000000082b00000, 0x0000000082b00000| Untracked 
|  20|0x0000000082c00000, 0x0000000082c00000, 0x0000000082d00000|  0%| F|  |TAMS 0x0000000082c00000, 0x0000000082c00000| Untracked 
|  21|0x0000000082d00000, 0x0000000082d00000, 0x0000000082e00000|  0%| F|  |TAMS 0x0000000082d00000, 0x0000000082d00000| Untracked 
|  22|0x0000000082e00000, 0x0000000082e00000, 0x0000000082f00000|  0%| F|  |TAMS 0x0000000082e00000, 0x0000000082e00000| Untracked 
|  23|0x0000000082f00000, 0x0000000082f00000, 0x0000000083000000|  0%| F|  |TAMS 0x0000000082f00000, 0x0000000082f00000| Untracked 
|  24|0x0000000083000000, 0x0000000083000000, 0x0000000083100000|  0%| F|  |TAMS 0x0000000083000000, 0x0000000083000000| Untracked 
|  25|0x0000000083100000, 0x0000000083100000, 0x0000000083200000|  0%| F|  |TAMS 0x0000000083100000, 0x0000000083100000| Untracked 
|  26|0x0000000083200000, 0x0000000083200000, 0x0000000083300000|  0%| F|  |TAMS 0x0000000083200000, 0x0000000083200000| Untracked 
|  27|0x0000000083300000, 0x0000000083300000, 0x0000000083400000|  0%| F|  |TAMS 0x0000000083300000, 0x0000000083300000| Untracked 
|  28|0x0000000083400000, 0x0000000083400000, 0x0000000083500000|  0%| F|  |TAMS 0x0000000083400000, 0x0000000083400000| Untracked 
|  29|0x0000000083500000, 0x0000000083500000, 0x0000000083600000|  0%| F|  |TAMS 0x0000000083500000, 0x0000000083500000| Untracked 
|  30|0x0000000083600000, 0x0000000083600000, 0x0000000083700000|  0%| F|  |TAMS 0x0000000083600000, 0x0000000083600000| Untracked 
|  31|0x0000000083700000, 0x0000000083700000, 0x0000000083800000|  0%| F|  |TAMS 0x0000000083700000, 0x0000000083700000| Untracked 
|  32|0x0000000083800000, 0x0000000083800000, 0x0000000083900000|  0%| F|  |TAMS 0x0000000083800000, 0x0000000083800000| Untracked 
|  33|0x0000000083900000, 0x0000000083900000, 0x0000000083a00000|  0%| F|  |TAMS 0x0000000083900000, 0x0000000083900000| Untracked 
|  34|0x0000000083a00000, 0x0000000083a00000, 0x0000000083b00000|  0%| F|  |TAMS 0x0000000083a00000, 0x0000000083a00000| Untracked 
|  35|0x0000000083b00000, 0x0000000083b00000, 0x0000000083c00000|  0%| F|  |TAMS 0x0000000083b00000, 0x0000000083b00000| Untracked 
|  36|0x0000000083c00000, 0x0000000083c00000, 0x0000000083d00000|  0%| F|  |TAMS 0x0000000083c00000, 0x0000000083c00000| Untracked 
|  37|0x0000000083d00000, 0x0000000083d00000, 0x0000000083e00000|  0%| F|  |TAMS 0x0000000083d00000, 0x0000000083d00000| Untracked 
|  38|0x0000000083e00000, 0x0000000083e00000, 0x0000000083f00000|  0%| F|  |TAMS 0x0000000083e00000, 0x0000000083e00000| Untracked 
|  39|0x0000000083f00000, 0x0000000083f00000, 0x0000000084000000|  0%| F|  |TAMS 0x0000000083f00000, 0x0000000083f00000| Untracked 
|  40|0x0000000084000000, 0x0000000084000000, 0x0000000084100000|  0%| F|  |TAMS 0x0000000084000000, 0x0000000084000000| Untracked 
|  41|0x0000000084100000, 0x0000000084100000, 0x0000000084200000|  0%| F|  |TAMS 0x0000000084100000, 0x0000000084100000| Untracked 
|  42|0x0000000084200000, 0x0000000084200000, 0x0000000084300000|  0%| F|  |TAMS 0x0000000084200000, 0x0000000084200000| Untracked 
|  43|0x0000000084300000, 0x0000000084300000, 0x0000000084400000|  0%| F|  |TAMS 0x0000000084300000, 0x0000000084300000| Untracked 
|  44|0x0000000084400000, 0x0000000084400000, 0x0000000084500000|  0%| F|  |TAMS 0x0000000084400000, 0x0000000084400000| Untracked 
|  45|0x0000000084500000, 0x0000000084500000, 0x0000000084600000|  0%| F|  |TAMS 0x0000000084500000, 0x0000000084500000| Untracked 
|  46|0x0000000084600000, 0x0000000084600000, 0x0000000084700000|  0%| F|  |TAMS 0x0000000084600000, 0x0000000084600000| Untracked 
|  47|0x0000000084700000, 0x0000000084700000, 0x0000000084800000|  0%| F|  |TAMS 0x0000000084700000, 0x0000000084700000| Untracked 
|  48|0x0000000084800000, 0x0000000084800000, 0x0000000084900000|  0%| F|  |TAMS 0x0000000084800000, 0x0000000084800000| Untracked 
|  49|0x0000000084900000, 0x0000000084900000, 0x0000000084a00000|  0%| F|  |TAMS 0x0000000084900000, 0x0000000084900000| Untracked 
|  50|0x0000000084a00000, 0x0000000084a00000, 0x0000000084b00000|  0%| F|  |TAMS 0x0000000084a00000, 0x0000000084a00000| Untracked 
|  51|0x0000000084b00000, 0x0000000084b00000, 0x0000000084c00000|  0%| F|  |TAMS 0x0000000084b00000, 0x0000000084b00000| Untracked 
|  52|0x0000000084c00000, 0x0000000084c00000, 0x0000000084d00000|  0%| F|  |TAMS 0x0000000084c00000, 0x0000000084c00000| Untracked 
|  53|0x0000000084d00000, 0x0000000084d00000, 0x0000000084e00000|  0%| F|  |TAMS 0x0000000084d00000, 0x0000000084d00000| Untracked 
|  54|0x0000000084e00000, 0x0000000084e00000, 0x0000000084f00000|  0%| F|  |TAMS 0x0000000084e00000, 0x0000000084e00000| Untracked 
|  55|0x0000000084f00000, 0x0000000084f00000, 0x0000000085000000|  0%| F|  |TAMS 0x0000000084f00000, 0x0000000084f00000| Untracked 
|  56|0x0000000085000000, 0x0000000085000000, 0x0000000085100000|  0%| F|  |TAMS 0x0000000085000000, 0x0000000085000000| Untracked 
|  57|0x0000000085100000, 0x0000000085100000, 0x0000000085200000|  0%| F|  |TAMS 0x0000000085100000, 0x0000000085100000| Untracked 
|  58|0x0000000085200000, 0x0000000085200000, 0x0000000085300000|  0%| F|  |TAMS 0x0000000085200000, 0x0000000085200000| Untracked 
|  59|0x0000000085300000, 0x0000000085300000, 0x0000000085400000|  0%| F|  |TAMS 0x0000000085300000, 0x0000000085300000| Untracked 
|  60|0x0000000085400000, 0x0000000085400000, 0x0000000085500000|  0%| F|  |TAMS 0x0000000085400000, 0x0000000085400000| Untracked 
|  61|0x0000000085500000, 0x0000000085500000, 0x0000000085600000|  0%| F|  |TAMS 0x0000000085500000, 0x0000000085500000| Untracked 
|  62|0x0000000085600000, 0x0000000085600000, 0x0000000085700000|  0%| F|  |TAMS 0x0000000085600000, 0x0000000085600000| Untracked 
|  63|0x0000000085700000, 0x0000000085700000, 0x0000000085800000|  0%| F|  |TAMS 0x0000000085700000, 0x0000000085700000| Untracked 
|  64|0x0000000085800000, 0x0000000085800000, 0x0000000085900000|  0%| F|  |TAMS 0x0000000085800000, 0x0000000085800000| Untracked 
|  65|0x0000000085900000, 0x0000000085900000, 0x0000000085a00000|  0%| F|  |TAMS 0x0000000085900000, 0x0000000085900000| Untracked 
|  66|0x0000000085a00000, 0x0000000085a00000, 0x0000000085b00000|  0%| F|  |TAMS 0x0000000085a00000, 0x0000000085a00000| Untracked 
|  67|0x0000000085b00000, 0x0000000085b00000, 0x0000000085c00000|  0%| F|  |TAMS 0x0000000085b00000, 0x0000000085b00000| Untracked 
|  68|0x0000000085c00000, 0x0000000085c00000, 0x0000000085d00000|  0%| F|  |TAMS 0x0000000085c00000, 0x0000000085c00000| Untracked 
|  69|0x0000000085d00000, 0x0000000085d00000, 0x0000000085e00000|  0%| F|  |TAMS 0x0000000085d00000, 0x0000000085d00000| Untracked 
|  70|0x0000000085e00000, 0x0000000085e00000, 0x0000000085f00000|  0%| F|  |TAMS 0x0000000085e00000, 0x0000000085e00000| Untracked 
|  71|0x0000000085f00000, 0x0000000085f00000, 0x0000000086000000|  0%| F|  |TAMS 0x0000000085f00000, 0x0000000085f00000| Untracked 
|  72|0x0000000086000000, 0x0000000086000000, 0x0000000086100000|  0%| F|  |TAMS 0x0000000086000000, 0x0000000086000000| Untracked 
|  73|0x0000000086100000, 0x0000000086100000, 0x0000000086200000|  0%| F|  |TAMS 0x0000000086100000, 0x0000000086100000| Untracked 
|  74|0x0000000086200000, 0x0000000086200000, 0x0000000086300000|  0%| F|  |TAMS 0x0000000086200000, 0x0000000086200000| Untracked 
|  75|0x0000000086300000, 0x0000000086300000, 0x0000000086400000|  0%| F|  |TAMS 0x0000000086300000, 0x0000000086300000| Untracked 
|  76|0x0000000086400000, 0x0000000086400000, 0x0000000086500000|  0%| F|  |TAMS 0x0000000086400000, 0x0000000086400000| Untracked 
|  77|0x0000000086500000, 0x0000000086500000, 0x0000000086600000|  0%| F|  |TAMS 0x0000000086500000, 0x0000000086500000| Untracked 
|  78|0x0000000086600000, 0x0000000086600000, 0x0000000086700000|  0%| F|  |TAMS 0x0000000086600000, 0x0000000086600000| Untracked 
|  79|0x0000000086700000, 0x0000000086700000, 0x0000000086800000|  0%| F|  |TAMS 0x0000000086700000, 0x0000000086700000| Untracked 
|  80|0x0000000086800000, 0x0000000086800000, 0x0000000086900000|  0%| F|  |TAMS 0x0000000086800000, 0x0000000086800000| Untracked 
|  81|0x0000000086900000, 0x0000000086900000, 0x0000000086a00000|  0%| F|  |TAMS 0x0000000086900000, 0x0000000086900000| Untracked 
|  82|0x0000000086a00000, 0x0000000086a00000, 0x0000000086b00000|  0%| F|  |TAMS 0x0000000086a00000, 0x0000000086a00000| Untracked 
|  83|0x0000000086b00000, 0x0000000086b00000, 0x0000000086c00000|  0%| F|  |TAMS 0x0000000086b00000, 0x0000000086b00000| Untracked 
|  84|0x0000000086c00000, 0x0000000086c00000, 0x0000000086d00000|  0%| F|  |TAMS 0x0000000086c00000, 0x0000000086c00000| Untracked 
|  85|0x0000000086d00000, 0x0000000086d00000, 0x0000000086e00000|  0%| F|  |TAMS 0x0000000086d00000, 0x0000000086d00000| Untracked 
|  86|0x0000000086e00000, 0x0000000086e00000, 0x0000000086f00000|  0%| F|  |TAMS 0x0000000086e00000, 0x0000000086e00000| Untracked 
|  87|0x0000000086f00000, 0x0000000086f00000, 0x0000000087000000|  0%| F|  |TAMS 0x0000000086f00000, 0x0000000086f00000| Untracked 
|  88|0x0000000087000000, 0x0000000087000000, 0x0000000087100000|  0%| F|  |TAMS 0x0000000087000000, 0x0000000087000000| Untracked 
|  89|0x0000000087100000, 0x0000000087100000, 0x0000000087200000|  0%| F|  |TAMS 0x0000000087100000, 0x0000000087100000| Untracked 
|  90|0x0000000087200000, 0x0000000087200000, 0x0000000087300000|  0%| F|  |TAMS 0x0000000087200000, 0x0000000087200000| Untracked 
|  91|0x0000000087300000, 0x0000000087300000, 0x0000000087400000|  0%| F|  |TAMS 0x0000000087300000, 0x0000000087300000| Untracked 
|  92|0x0000000087400000, 0x0000000087400000, 0x0000000087500000|  0%| F|  |TAMS 0x0000000087400000, 0x0000000087400000| Untracked 
|  93|0x0000000087500000, 0x0000000087500000, 0x0000000087600000|  0%| F|  |TAMS 0x0000000087500000, 0x0000000087500000| Untracked 
|  94|0x0000000087600000, 0x0000000087600000, 0x0000000087700000|  0%| F|  |TAMS 0x0000000087600000, 0x0000000087600000| Untracked 
|  95|0x0000000087700000, 0x0000000087700000, 0x0000000087800000|  0%| F|  |TAMS 0x0000000087700000, 0x0000000087700000| Untracked 
|  96|0x0000000087800000, 0x0000000087800000, 0x0000000087900000|  0%| F|  |TAMS 0x0000000087800000, 0x0000000087800000| Untracked 
|  97|0x0000000087900000, 0x0000000087900000, 0x0000000087a00000|  0%| F|  |TAMS 0x0000000087900000, 0x0000000087900000| Untracked 
|  98|0x0000000087a00000, 0x0000000087a7cf58, 0x0000000087b00000| 48%| E|  |TAMS 0x0000000087a00000, 0x0000000087a00000| Complete 
|  99|0x0000000087b00000, 0x0000000087c00000, 0x0000000087c00000|100%| E|CS|TAMS 0x0000000087b00000, 0x0000000087b00000| Complete 
| 100|0x0000000087c00000, 0x0000000087d00000, 0x0000000087d00000|100%| E|CS|TAMS 0x0000000087c00000, 0x0000000087c00000| Complete 
| 101|0x0000000087d00000, 0x0000000087e00000, 0x0000000087e00000|100%| E|CS|TAMS 0x0000000087d00000, 0x0000000087d00000| Complete 
| 102|0x0000000087e00000, 0x0000000087f00000, 0x0000000087f00000|100%| E|CS|TAMS 0x0000000087e00000, 0x0000000087e00000| Complete 
| 103|0x0000000087f00000, 0x0000000088000000, 0x0000000088000000|100%| S|CS|TAMS 0x0000000087f00000, 0x0000000087f00000| Complete 
| 104|0x0000000088000000, 0x0000000088100000, 0x0000000088100000|100%| S|CS|TAMS 0x0000000088000000, 0x0000000088000000| Complete 
| 105|0x0000000088100000, 0x0000000088200000, 0x0000000088200000|100%| S|CS|TAMS 0x0000000088100000, 0x0000000088100000| Complete 
| 106|0x0000000088200000, 0x0000000088300000, 0x0000000088300000|100%| E|CS|TAMS 0x0000000088200000, 0x0000000088200000| Complete 
| 107|0x0000000088300000, 0x0000000088400000, 0x0000000088400000|100%| E|CS|TAMS 0x0000000088300000, 0x0000000088300000| Complete 
| 108|0x0000000088400000, 0x0000000088500000, 0x0000000088500000|100%| E|  |TAMS 0x0000000088400000, 0x0000000088400000| Complete 
| 109|0x0000000088500000, 0x0000000088600000, 0x0000000088600000|100%| E|CS|TAMS 0x0000000088500000, 0x0000000088500000| Complete 
| 110|0x0000000088600000, 0x0000000088700000, 0x0000000088700000|100%| E|CS|TAMS 0x0000000088600000, 0x0000000088600000| Complete 
| 111|0x0000000088700000, 0x0000000088800000, 0x0000000088800000|100%| E|CS|TAMS 0x0000000088700000, 0x0000000088700000| Complete 
| 112|0x0000000088800000, 0x0000000088900000, 0x0000000088900000|100%| E|CS|TAMS 0x0000000088800000, 0x0000000088800000| Complete 
| 113|0x0000000088900000, 0x0000000088a00000, 0x0000000088a00000|100%| E|CS|TAMS 0x0000000088900000, 0x0000000088900000| Complete 
| 114|0x0000000088a00000, 0x0000000088b00000, 0x0000000088b00000|100%| E|CS|TAMS 0x0000000088a00000, 0x0000000088a00000| Complete 
| 115|0x0000000088b00000, 0x0000000088c00000, 0x0000000088c00000|100%| E|CS|TAMS 0x0000000088b00000, 0x0000000088b00000| Complete 
| 116|0x0000000088c00000, 0x0000000088d00000, 0x0000000088d00000|100%| E|CS|TAMS 0x0000000088c00000, 0x0000000088c00000| Complete 
| 117|0x0000000088d00000, 0x0000000088e00000, 0x0000000088e00000|100%| E|CS|TAMS 0x0000000088d00000, 0x0000000088d00000| Complete 
| 118|0x0000000088e00000, 0x0000000088f00000, 0x0000000088f00000|100%| E|CS|TAMS 0x0000000088e00000, 0x0000000088e00000| Complete 
| 119|0x0000000088f00000, 0x0000000089000000, 0x0000000089000000|100%| E|CS|TAMS 0x0000000088f00000, 0x0000000088f00000| Complete 
| 120|0x0000000089000000, 0x0000000089100000, 0x0000000089100000|100%| E|CS|TAMS 0x0000000089000000, 0x0000000089000000| Complete 
| 121|0x0000000089100000, 0x0000000089200000, 0x0000000089200000|100%| E|CS|TAMS 0x0000000089100000, 0x0000000089100000| Complete 
| 122|0x0000000089200000, 0x0000000089300000, 0x0000000089300000|100%| E|CS|TAMS 0x0000000089200000, 0x0000000089200000| Complete 
| 123|0x0000000089300000, 0x0000000089400000, 0x0000000089400000|100%| E|CS|TAMS 0x0000000089300000, 0x0000000089300000| Complete 
| 124|0x0000000089400000, 0x0000000089500000, 0x0000000089500000|100%| E|CS|TAMS 0x0000000089400000, 0x0000000089400000| Complete 
| 125|0x0000000089500000, 0x0000000089600000, 0x0000000089600000|100%| E|CS|TAMS 0x0000000089500000, 0x0000000089500000| Complete 
| 126|0x0000000089600000, 0x0000000089700000, 0x0000000089700000|100%| E|CS|TAMS 0x0000000089600000, 0x0000000089600000| Complete 
| 127|0x0000000089700000, 0x0000000089800000, 0x0000000089800000|100%| E|CS|TAMS 0x0000000089700000, 0x0000000089700000| Complete 

Card table byte_map: [0x0000023dd3440000,0x0000023dd3840000] _byte_map_base: 0x0000023dd3034000

Marking Bits (Prev, Next): (CMBitMap*) 0x0000023dbc13e2b0, (CMBitMap*) 0x0000023dbc13e2f0
 Prev Bits: [0x0000023dd3c40000, 0x0000023dd5be0000)
 Next Bits: [0x0000023dd5be0000, 0x0000023dd7b80000)

Polling page: 0x0000023db9fc0000

Metaspace:

Usage:
  Non-class:     11.16 MB used.
      Class:      1.57 MB used.
       Both:     12.73 MB used.

Virtual space:
  Non-class space:       64.00 MB reserved,      11.31 MB ( 18%) committed,  1 nodes.
      Class space:        1.00 GB reserved,       1.69 MB ( <1%) committed,  1 nodes.
             Both:        1.06 GB reserved,      13.00 MB (  1%) committed. 

Chunk freelists:
   Non-Class:  704.00 KB
       Class:  2.20 MB
        Both:  2.88 MB

MaxMetaspaceSize: unlimited
CompressedClassSpaceSize: 1.00 GB
Initial GC threshold: 21.00 MB
Current GC threshold: 21.00 MB
CDS: on
MetaspaceReclaimPolicy: balanced
 - commit_granule_bytes: 65536.
 - commit_granule_words: 8192.
 - virtual_space_node_default_size: 8388608.
 - enlarge_chunks_in_place: 1.
 - new_chunks_are_fully_committed: 0.
 - uncommit_free_chunks: 1.
 - use_allocation_guard: 0.


Internal statistics:

num_allocs_failed_limit: 0.
num_arena_births: 322.
num_arena_deaths: 0.
num_vsnodes_births: 2.
num_vsnodes_deaths: 0.
num_space_committed: 208.
num_space_uncommitted: 0.
num_chunks_returned_to_freelist: 0.
num_chunks_taken_from_freelist: 666.
num_chunk_merges: 0.
num_chunk_splits: 470.
num_chunks_enlarged: 356.
num_inconsistent_stats: 0.

CodeHeap 'non-profiled nmethods': size=120000Kb used=778Kb max_used=778Kb free=119221Kb
 bounds [0x0000023dcbb10000, 0x0000023dcbd80000, 0x0000023dd3040000]
CodeHeap 'profiled nmethods': size=120000Kb used=3328Kb max_used=3328Kb free=116671Kb
 bounds [0x0000023dc4040000, 0x0000023dc4390000, 0x0000023dcb570000]
CodeHeap 'non-nmethods': size=5760Kb used=1394Kb max_used=1413Kb free=4365Kb
 bounds [0x0000023dcb570000, 0x0000023dcb7e0000, 0x0000023dcbb10000]
 total_blobs=2508 nmethods=1861 adapters=557
 compilation: enabled
              stopped_count=0, restarted_count=0
 full_count=0

Compilation events (20 events):
Event: 22.695 Thread 0x0000023dda0547c0 nmethod 1842 0x0000023dc437a010 code [0x0000023dc437a1e0, 0x0000023dc437a558]
Event: 22.695 Thread 0x0000023dda0547c0 1841       3       java.util.HashMap::afterNodeRemoval (1 bytes)
Event: 22.696 Thread 0x0000023dda0547c0 nmethod 1841 0x0000023dc437a690 code [0x0000023dc437a820, 0x0000023dc437a938]
Event: 22.696 Thread 0x0000023dda0547c0 1844       3       jdk.internal.org.objectweb.asm.ClassWriter::<init> (73 bytes)
Event: 22.696 Thread 0x0000023dda0547c0 nmethod 1844 0x0000023dc437aa10 code [0x0000023dc437ac00, 0x0000023dc437b0a8]
Event: 22.696 Thread 0x0000023dda0547c0 1845       3       jdk.internal.org.objectweb.asm.ClassVisitor::<init> (78 bytes)
Event: 22.697 Thread 0x0000023dda0547c0 nmethod 1845 0x0000023dc437b210 code [0x0000023dc437b440, 0x0000023dc437bc08]
Event: 22.697 Thread 0x0000023dda0547c0 1846       3       java.lang.invoke.InvokerBytecodeGenerator::generateCustomizedCode (34 bytes)
Event: 22.697 Thread 0x0000023dda0547c0 nmethod 1846 0x0000023dc437bf10 code [0x0000023dc437c0e0, 0x0000023dc437c398]
Event: 22.697 Thread 0x0000023dda0547c0 1849       3       java.lang.invoke.MethodHandleNatives::refKindIsGetter (32 bytes)
Event: 22.697 Thread 0x0000023dda0547c0 nmethod 1849 0x0000023dc437c490 code [0x0000023dc437c620, 0x0000023dc437c778]
Event: 22.703 Thread 0x0000023dda0547c0 1850       3       java.lang.invoke.DirectMethodHandle$Constructor::viewAsType (49 bytes)
Event: 22.704 Thread 0x0000023dda0547c0 nmethod 1850 0x0000023dc437c810 code [0x0000023dc437c9c0, 0x0000023dc437cb88]
Event: 22.709 Thread 0x0000023ddf33b740 nmethod 1838 0x0000023dcbbd0c90 code [0x0000023dcbbd0ec0, 0x0000023dcbbd1ad0]
Event: 22.709 Thread 0x0000023ddf33b740 1839       4       java.util.HashMap::get (19 bytes)
Event: 22.715 Thread 0x0000023ddf33b740 nmethod 1839 0x0000023dcbbd2190 code [0x0000023dcbbd2360, 0x0000023dcbbd26e8]
Event: 22.731 Thread 0x0000023dda0547c0 1851       3       com.sun.javafx.font.FontFileReader$Buffer::getShort (52 bytes)
Event: 22.731 Thread 0x0000023dda0547c0 nmethod 1851 0x0000023dc437cc90 code [0x0000023dc437ce40, 0x0000023dc437cfb8]
Event: 22.732 Thread 0x0000023dda0547c0 1852       3       java.nio.HeapByteBuffer::ix (7 bytes)
Event: 22.732 Thread 0x0000023dda0547c0 nmethod 1852 0x0000023dc437d090 code [0x0000023dc437d220, 0x0000023dc437d338]

GC Heap History (4 events):
Event: 2.521 GC heap before
{Heap before GC invocations=0 (full 0):
 garbage-first heap   total 131072K, used 14336K [0x0000000081800000, 0x0000000100000000)
  region size 1024K, 13 young (13312K), 0 survivors (0K)
 Metaspace       used 851K, committed 1024K, reserved 1114112K
  class space    used 65K, committed 128K, reserved 1048576K
}
Event: 2.526 GC heap after
{Heap after GC invocations=1 (full 0):
 garbage-first heap   total 131072K, used 1450K [0x0000000081800000, 0x0000000100000000)
  region size 1024K, 2 young (2048K), 2 survivors (2048K)
 Metaspace       used 851K, committed 1024K, reserved 1114112K
  class space    used 65K, committed 128K, reserved 1048576K
}
Event: 16.269 GC heap before
{Heap before GC invocations=1 (full 0):
 garbage-first heap   total 131072K, used 20906K [0x0000000081800000, 0x0000000100000000)
  region size 1024K, 22 young (22528K), 2 survivors (2048K)
 Metaspace       used 5483K, committed 5696K, reserved 1114112K
  class space    used 624K, committed 704K, reserved 1048576K
}
Event: 16.274 GC heap after
{Heap after GC invocations=2 (full 0):
 garbage-first heap   total 131072K, used 3856K [0x0000000081800000, 0x0000000100000000)
  region size 1024K, 3 young (3072K), 3 survivors (3072K)
 Metaspace       used 5483K, committed 5696K, reserved 1114112K
  class space    used 624K, committed 704K, reserved 1048576K
}

Dll operation events (20 events):
Event: 8.196 Loaded shared library C:\Users\HP\.openjfx\cache\19.0.2+1\amd64\api-ms-win-crt-multibyte-l1-1-0.dll
Event: 8.226 Loaded shared library C:\Users\HP\.openjfx\cache\19.0.2+1\amd64\api-ms-win-crt-private-l1-1-0.dll
Event: 8.241 Loaded shared library C:\Users\HP\.openjfx\cache\19.0.2+1\amd64\api-ms-win-crt-process-l1-1-0.dll
Event: 8.265 Loaded shared library C:\Users\HP\.openjfx\cache\19.0.2+1\amd64\api-ms-win-crt-runtime-l1-1-0.dll
Event: 8.310 Loaded shared library C:\Users\HP\.openjfx\cache\19.0.2+1\amd64\api-ms-win-crt-stdio-l1-1-0.dll
Event: 8.387 Loaded shared library C:\Users\HP\.openjfx\cache\19.0.2+1\amd64\api-ms-win-crt-string-l1-1-0.dll
Event: 8.459 Loaded shared library C:\Users\HP\.openjfx\cache\19.0.2+1\amd64\api-ms-win-crt-time-l1-1-0.dll
Event: 8.680 Loaded shared library C:\Users\HP\.openjfx\cache\19.0.2+1\amd64\api-ms-win-crt-utility-l1-1-0.dll
Event: 9.111 Loaded shared library C:\Users\HP\.openjfx\cache\19.0.2+1\amd64\ucrtbase.dll
Event: 9.160 Loaded shared library C:\Users\HP\.openjfx\cache\19.0.2+1\amd64\vcruntime140.dll
Event: 9.205 Loaded shared library C:\Users\HP\.openjfx\cache\19.0.2+1\amd64\vcruntime140_1.dll
Event: 9.457 Loaded shared library C:\Users\HP\.openjfx\cache\19.0.2+1\amd64\msvcp140.dll
Event: 9.651 Loaded shared library C:\Users\HP\.openjfx\cache\19.0.2+1\amd64\msvcp140_1.dll
Event: 9.705 Loaded shared library C:\Users\HP\.openjfx\cache\19.0.2+1\amd64\msvcp140_2.dll
Event: 11.242 Loaded shared library C:\Users\HP\.openjfx\cache\19.0.2+1\amd64\prism_d3d.dll
Event: 12.457 Loaded shared library C:\Users\HP\.openjfx\cache\19.0.2+1\amd64\glass.dll
Event: 16.182 Loaded shared library C:\Program Files\Java\jdk-19\bin\jimage.dll
Event: 17.819 Loaded shared library C:\Program Files\Java\jdk-19\bin\management.dll
Event: 17.824 Loaded shared library C:\Program Files\Java\jdk-19\bin\management_ext.dll
Event: 22.463 Loaded shared library C:\Users\HP\.openjfx\cache\19.0.2+1\amd64\javafx_font.dll

Deoptimization events (20 events):
Event: 21.953 Thread 0x0000023ddf39e430 Uncommon trap: trap_request=0xffffffde fr.pc=0x0000023dcbbb2da0 relative=0x00000000000005a0
Event: 21.953 Thread 0x0000023ddf39e430 Uncommon trap: reason=class_check action=maybe_recompile pc=0x0000023dcbbb2da0 method=java.util.regex.Pattern$Start.match(Ljava/util/regex/Matcher;ILjava/lang/CharSequence;)Z @ 44 c2
Event: 21.953 Thread 0x0000023ddf39e430 DEOPT PACKING pc=0x0000023dcbbb2da0 sp=0x000000a68b5fd8a0
Event: 21.953 Thread 0x0000023ddf39e430 DEOPT UNPACKING pc=0x0000023dcb5d6da3 sp=0x000000a68b5fd800 mode 2
Event: 21.953 Thread 0x0000023ddf39e430 Uncommon trap: trap_request=0xffffffde fr.pc=0x0000023dcbbb2da0 relative=0x00000000000005a0
Event: 21.953 Thread 0x0000023ddf39e430 Uncommon trap: reason=class_check action=maybe_recompile pc=0x0000023dcbbb2da0 method=java.util.regex.Pattern$Start.match(Ljava/util/regex/Matcher;ILjava/lang/CharSequence;)Z @ 44 c2
Event: 21.953 Thread 0x0000023ddf39e430 DEOPT PACKING pc=0x0000023dcbbb2da0 sp=0x000000a68b5fd8a0
Event: 21.953 Thread 0x0000023ddf39e430 DEOPT UNPACKING pc=0x0000023dcb5d6da3 sp=0x000000a68b5fd800 mode 2
Event: 21.990 Thread 0x0000023ddf39e430 Uncommon trap: trap_request=0xffffff45 fr.pc=0x0000023dcbbb3af0 relative=0x00000000000001b0
Event: 21.990 Thread 0x0000023ddf39e430 Uncommon trap: reason=unstable_if action=reinterpret pc=0x0000023dcbbb3af0 method=java.util.HashMap.getNode(Ljava/lang/Object;)Ljava/util/HashMap$Node; @ 66 c2
Event: 21.990 Thread 0x0000023ddf39e430 DEOPT PACKING pc=0x0000023dcbbb3af0 sp=0x000000a68b5fdea0
Event: 21.990 Thread 0x0000023ddf39e430 DEOPT UNPACKING pc=0x0000023dcb5d6da3 sp=0x000000a68b5fde10 mode 2
Event: 22.095 Thread 0x0000023ddf39e430 Uncommon trap: trap_request=0xffffff45 fr.pc=0x0000023dcbb234b8 relative=0x0000000000000038
Event: 22.095 Thread 0x0000023ddf39e430 Uncommon trap: reason=unstable_if action=reinterpret pc=0x0000023dcbb234b8 method=java.lang.StringLatin1.canEncode(I)Z @ 4 c2
Event: 22.095 Thread 0x0000023ddf39e430 DEOPT PACKING pc=0x0000023dcbb234b8 sp=0x000000a68b5fb720
Event: 22.095 Thread 0x0000023ddf39e430 DEOPT UNPACKING pc=0x0000023dcb5d6da3 sp=0x000000a68b5fb6b0 mode 2
Event: 22.584 Thread 0x0000023ddf39e430 Uncommon trap: trap_request=0xffffff45 fr.pc=0x0000023dcbbc2544 relative=0x0000000000000284
Event: 22.584 Thread 0x0000023ddf39e430 Uncommon trap: reason=unstable_if action=reinterpret pc=0x0000023dcbbc2544 method=java.util.HashMap.getNode(Ljava/lang/Object;)Ljava/util/HashMap$Node; @ 85 c2
Event: 22.584 Thread 0x0000023ddf39e430 DEOPT PACKING pc=0x0000023dcbbc2544 sp=0x000000a68b5fcb30
Event: 22.584 Thread 0x0000023ddf39e430 DEOPT UNPACKING pc=0x0000023dcb5d6da3 sp=0x000000a68b5fca40 mode 2

Classes loaded (20 events):
Event: 22.337 Loading class java/io/FilenameFilter
Event: 22.337 Loading class java/io/FilenameFilter done
Event: 22.556 Loading class java/util/AbstractList$RandomAccessSubList
Event: 22.556 Loading class java/util/AbstractList$SubList
Event: 22.557 Loading class java/util/AbstractList$SubList done
Event: 22.557 Loading class java/util/AbstractList$RandomAccessSubList done
Event: 22.557 Loading class java/util/AbstractList$SubList$1
Event: 22.557 Loading class java/util/AbstractList$SubList$1 done
Event: 22.557 Loading class java/util/AbstractList$ListItr
Event: 22.557 Loading class java/util/AbstractList$ListItr done
Event: 22.618 Loading class java/util/WeakHashMap$Values
Event: 22.618 Loading class java/util/WeakHashMap$Values done
Event: 22.619 Loading class java/util/WeakHashMap$ValueIterator
Event: 22.619 Loading class java/util/WeakHashMap$ValueIterator done
Event: 22.621 Loading class java/lang/CloneNotSupportedException
Event: 22.621 Loading class java/lang/CloneNotSupportedException done
Event: 22.731 Loading class sun/nio/cs/UTF_16BE$Decoder
Event: 22.731 Loading class sun/nio/cs/UnicodeDecoder
Event: 22.731 Loading class sun/nio/cs/UnicodeDecoder done
Event: 22.731 Loading class sun/nio/cs/UTF_16BE$Decoder done

Classes unloaded (0 events):
No events

Classes redefined (0 events):
No events

Internal exceptions (20 events):
Event: 17.567 Thread 0x0000023ddf39e430 Exception <a 'java/lang/NoSuchMethodError'{0x00000000891862c8}: 'int java.lang.invoke.DirectMethodHandle$Holder.invokeStaticInit(java.lang.Object, java.lang.Object)'> (0x00000000891862c8) 
thrown [s\open\src\hotspot\share\interpreter\linkResolver.cpp, line 774]
Event: 17.723 Thread 0x0000023ddf39e430 Exception <a 'sun/nio/fs/WindowsException'{0x00000000890375d0}> (0x00000000890375d0) 
thrown [s\open\src\hotspot\share\prims\jni.cpp, line 517]
Event: 18.855 Thread 0x0000023ddf39e430 Exception <a 'java/lang/NoSuchMethodError'{0x0000000088fa9700}: 'java.lang.Object java.lang.invoke.DirectMethodHandle$Holder.invokeStaticInit(java.lang.Object, int, int, int, int)'> (0x0000000088fa9700) 
thrown [s\open\src\hotspot\share\interpreter\linkResolver.cpp, line 774]
Event: 19.335 Thread 0x0000023ddf39e430 Exception <a 'java/lang/NoSuchMethodError'{0x0000000088e83490}: 'java.lang.Object java.lang.invoke.DirectMethodHandle$Holder.invokeStaticInit(java.lang.Object, java.lang.Object, int, int, int, int)'> (0x0000000088e83490) 
thrown [s\open\src\hotspot\share\interpreter\linkResolver.cpp, line 774]
Event: 19.718 Thread 0x0000023ddf39e430 Exception <a 'sun/nio/fs/WindowsException'{0x0000000088c0de08}> (0x0000000088c0de08) 
thrown [s\open\src\hotspot\share\prims\jni.cpp, line 517]
Event: 19.832 Thread 0x0000023ddf39e430 Exception <a 'sun/nio/fs/WindowsException'{0x0000000088c22c28}> (0x0000000088c22c28) 
thrown [s\open\src\hotspot\share\prims\jni.cpp, line 517]
Event: 20.099 Thread 0x0000023ddf39e430 Implicit null exception at 0x0000023dcbba9f72 to 0x0000023dcbbaa7e0
Event: 21.319 Thread 0x0000023ddf39e430 Exception <a 'java/lang/NoSuchMethodError'{0x0000000088914d80}: 'java.lang.Object java.lang.invoke.DirectMethodHandle$Holder.invokeStaticInit(java.lang.Object, java.lang.Object, java.lang.Object)'> (0x0000000088914d80) 
thrown [s\open\src\hotspot\share\interpreter\linkResolver.cpp, line 774]
Event: 21.749 Thread 0x0000023ddf39e430 Exception <a 'java/lang/NoSuchMethodError'{0x000000008871aea8}: 'java.lang.Object java.lang.invoke.DirectMethodHandle$Holder.invokeStaticInit(java.lang.Object, java.lang.Object, java.lang.Object, java.lang.Object)'> (0x000000008871aea8) 
thrown [s\open\src\hotspot\share\interpreter\linkResolver.cpp, line 774]
Event: 21.751 Thread 0x0000023ddf39e430 Exception <a 'java/lang/NullPointerException'{0x0000000088726938}> (0x0000000088726938) 
thrown [s\open\src\hotspot\share\interpreter\linkResolver.cpp, line 1374]
Event: 21.790 Thread 0x0000023ddf39e430 Exception <a 'sun/nio/fs/WindowsException'{0x00000000887d7490}> (0x00000000887d7490) 
thrown [s\open\src\hotspot\share\prims\jni.cpp, line 517]
Event: 21.888 Thread 0x0000023ddf39e430 Exception <a 'java/lang/ClassNotFoundException'{0x00000000887e5910}: sun/util/logging/resources/spi/loggingProvider> (0x00000000887e5910) 
thrown [s\open\src\hotspot\share\classfile\systemDictionary.cpp, line 255]
Event: 21.993 Thread 0x0000023ddf39e430 Exception <a 'java/lang/NoSuchMethodError'{0x000000008858e430}: 'double java.lang.invoke.DelegatingMethodHandle$Holder.reinvoke_L(java.lang.Object, java.lang.Object, int)'> (0x000000008858e430) 
thrown [s\open\src\hotspot\share\interpreter\linkResolver.cpp, line 774]
Event: 21.996 Thread 0x0000023ddf39e430 Exception <a 'java/lang/NoSuchMethodError'{0x00000000885a0308}: 'java.lang.Object java.lang.invoke.DirectMethodHandle$Holder.invokeStatic(java.lang.Object, java.lang.Object, java.lang.Object, java.lang.Object, int)'> (0x00000000885a0308) 
thrown [s\open\src\hotspot\share\interpreter\linkResolver.cpp, line 774]
Event: 21.997 Thread 0x0000023ddf39e430 Exception <a 'java/lang/NoSuchMethodError'{0x00000000885aba38}: 'java.lang.Object java.lang.invoke.DelegatingMethodHandle$Holder.reinvoke_L(java.lang.Object, double, double, double, double)'> (0x00000000885aba38) 
thrown [s\open\src\hotspot\share\interpreter\linkResolver.cpp, line 774]
Event: 22.051 Thread 0x0000023ddf39e430 Exception <a 'java/lang/NoSuchMethodError'{0x0000000088473b78}: 'void java.lang.invoke.Invokers$Holder.invokeExact_MT(java.lang.Object, java.lang.Object, java.lang.Object, java.lang.Object)'> (0x0000000088473b78) 
thrown [s\open\src\hotspot\share\interpreter\linkResolver.cpp, line 774]
Event: 22.097 Thread 0x0000023ddf39e430 Exception <a 'java/lang/ClassNotFoundException'{0x00000000884ef570}: com/sun/glass/ui/win/themes> (0x00000000884ef570) 
thrown [s\open\src\hotspot\share\prims\jni.cpp, line 536]
Event: 22.156 Thread 0x0000023ddf39e430 Exception <a 'java/lang/ClassNotFoundException'{0x00000000884f7640}: com/sun/glass/ui/win/themes_fr> (0x00000000884f7640) 
thrown [s\open\src\hotspot\share\prims\jni.cpp, line 536]
Event: 22.156 Thread 0x0000023ddf39e430 Exception <a 'java/lang/ClassNotFoundException'{0x00000000884fb530}: com/sun/glass/ui/win/themes_fr_FR> (0x00000000884fb530) 
thrown [s\open\src\hotspot\share\prims\jni.cpp, line 536]
Event: 22.643 Thread 0x0000023ddf39e430 Exception <a 'sun/nio/fs/WindowsException'{0x0000000087bb8598}> (0x0000000087bb8598) 
thrown [s\open\src\hotspot\share\prims\jni.cpp, line 517]

VM Operations (20 events):
Event: 18.586 Executing VM operation: HandshakeAllThreads
Event: 18.586 Executing VM operation: HandshakeAllThreads done
Event: 18.667 Executing VM operation: HandshakeAllThreads
Event: 18.667 Executing VM operation: HandshakeAllThreads done
Event: 18.868 Executing VM operation: HandshakeAllThreads
Event: 18.868 Executing VM operation: HandshakeAllThreads done
Event: 18.868 Executing VM operation: Cleanup
Event: 18.868 Executing VM operation: Cleanup done
Event: 19.668 Executing VM operation: HandshakeAllThreads
Event: 19.668 Executing VM operation: HandshakeAllThreads done
Event: 19.724 Executing VM operation: HandshakeAllThreads
Event: 19.724 Executing VM operation: HandshakeAllThreads done
Event: 19.868 Executing VM operation: HandshakeAllThreads
Event: 19.868 Executing VM operation: HandshakeAllThreads done
Event: 20.868 Executing VM operation: Cleanup
Event: 20.884 Executing VM operation: Cleanup done
Event: 21.991 Executing VM operation: HandshakeAllThreads
Event: 21.991 Executing VM operation: HandshakeAllThreads done
Event: 21.991 Executing VM operation: Cleanup
Event: 21.991 Executing VM operation: Cleanup done

Events (20 events):
Event: 2.791 Thread 0x0000023dde565540 Thread exited: 0x0000023dde565540
Event: 3.120 Thread 0x0000023dde565220 Thread added: 0x0000023dde565220
Event: 3.847 Thread 0x0000023dde565220 Thread exited: 0x0000023dde565220
Event: 6.222 Thread 0x0000023ddeb7f8d0 Thread added: 0x0000023ddeb7f8d0
Event: 6.222 Thread 0x0000023ddf248500 Thread added: 0x0000023ddf248500
Event: 7.125 Thread 0x0000023dded05080 Thread added: 0x0000023dded05080
Event: 7.300 Thread 0x0000023dded05080 Thread exited: 0x0000023dded05080
Event: 10.726 Thread 0x0000023ddf6901e0 Thread added: 0x0000023ddf6901e0
Event: 12.485 Thread 0x0000023dde4279d0 Thread added: 0x0000023dde4279d0
Event: 12.495 Thread 0x0000023ddf39e430 Thread added: 0x0000023ddf39e430
Event: 15.904 Thread 0x0000023dde4efc50 Thread added: 0x0000023dde4efc50
Event: 15.968 Thread 0x0000023dde4eec60 Thread added: 0x0000023dde4eec60
Event: 19.678 Thread 0x0000023dde76e0e0 Thread added: 0x0000023dde76e0e0
Event: 19.826 Thread 0x0000023dde76e0e0 Thread exited: 0x0000023dde76e0e0
Event: 20.063 Thread 0x0000023ddf29a7f0 Thread added: 0x0000023ddf29a7f0
Event: 20.240 Thread 0x0000023ddf29a7f0 Thread exited: 0x0000023ddf29a7f0
Event: 21.321 Thread 0x0000023dde4ecc80 Thread added: 0x0000023dde4ecc80
Event: 21.788 Thread 0x0000023dde7ae030 Thread added: 0x0000023dde7ae030
Event: 21.961 Thread 0x0000023dde7ae030 Thread exited: 0x0000023dde7ae030
Event: 22.606 Thread 0x0000023ddf33b740 Thread added: 0x0000023ddf33b740


Dynamic libraries:
0x00007ff652230000 - 0x00007ff652240000 	C:\Program Files\Java\jdk-19\bin\java.exe
0x00007ffb42bf0000 - 0x00007ffb42de8000 	C:\WINDOWS\SYSTEM32\ntdll.dll
0x00007ffb425c0000 - 0x00007ffb42682000 	C:\WINDOWS\System32\KERNEL32.DLL
0x00007ffb403b0000 - 0x00007ffb406af000 	C:\WINDOWS\System32\KERNELBASE.dll
0x00007ffb40980000 - 0x00007ffb40a80000 	C:\WINDOWS\System32\ucrtbase.dll
0x00007ffb3d0f0000 - 0x00007ffb3d10b000 	C:\Program Files\Java\jdk-19\bin\VCRUNTIME140.dll
0x00007ffb2cb50000 - 0x00007ffb2cb68000 	C:\Program Files\Java\jdk-19\bin\jli.dll
0x00007ffb416e0000 - 0x00007ffb4178f000 	C:\WINDOWS\System32\ADVAPI32.dll
0x00007ffb41860000 - 0x00007ffb418fe000 	C:\WINDOWS\System32\msvcrt.dll
0x00007ffb41f50000 - 0x00007ffb41fef000 	C:\WINDOWS\System32\sechost.dll
0x00007ffb426d0000 - 0x00007ffb427f3000 	C:\WINDOWS\System32\RPCRT4.dll
0x00007ffb40be0000 - 0x00007ffb40c07000 	C:\WINDOWS\System32\bcrypt.dll
0x00007ffb42420000 - 0x00007ffb425bd000 	C:\WINDOWS\System32\USER32.dll
0x00007ffb40810000 - 0x00007ffb40832000 	C:\WINDOWS\System32\win32u.dll
0x00007ffb1e060000 - 0x00007ffb1e2fa000 	C:\WINDOWS\WinSxS\amd64_microsoft.windows.common-controls_6595b64144ccf1df_6.0.19041.4355_none_60b8b9eb71f62e16\COMCTL32.dll
0x00007ffb42690000 - 0x00007ffb426bb000 	C:\WINDOWS\System32\GDI32.dll
0x00007ffb40290000 - 0x00007ffb403aa000 	C:\WINDOWS\System32\gdi32full.dll
0x00007ffb40a80000 - 0x00007ffb40b1d000 	C:\WINDOWS\System32\msvcp_win.dll
0x00007ffb39600000 - 0x00007ffb3960a000 	C:\WINDOWS\SYSTEM32\VERSION.dll
0x00007ffb41470000 - 0x00007ffb4149f000 	C:\WINDOWS\System32\IMM32.DLL
0x00007ffb39f80000 - 0x00007ffb39f8c000 	C:\Program Files\Java\jdk-19\bin\vcruntime140_1.dll
0x00007ffb0d5c0000 - 0x00007ffb0d64e000 	C:\Program Files\Java\jdk-19\bin\msvcp140.dll
0x00007ffaf7120000 - 0x00007ffaf7de0000 	C:\Program Files\Java\jdk-19\bin\server\jvm.dll
0x00007ffb21720000 - 0x00007ffb21729000 	C:\WINDOWS\SYSTEM32\WSOCK32.dll
0x00007ffb25980000 - 0x00007ffb259a7000 	C:\WINDOWS\SYSTEM32\WINMM.dll
0x00007ffb417f0000 - 0x00007ffb4185b000 	C:\WINDOWS\System32\WS2_32.dll
0x00007ffb3e2d0000 - 0x00007ffb3e2e2000 	C:\WINDOWS\SYSTEM32\kernel.appcore.dll
0x00007ffb39ef0000 - 0x00007ffb39efa000 	C:\Program Files\Java\jdk-19\bin\jimage.dll
0x00007ffb3dea0000 - 0x00007ffb3e084000 	C:\WINDOWS\SYSTEM32\DBGHELP.DLL
0x00007ffb22cb0000 - 0x00007ffb22ce4000 	C:\WINDOWS\SYSTEM32\dbgcore.DLL
0x00007ffb40840000 - 0x00007ffb408c2000 	C:\WINDOWS\System32\bcryptPrimitives.dll
0x00007ffb28e10000 - 0x00007ffb28e1e000 	C:\Program Files\Java\jdk-19\bin\instrument.dll
0x00007ffb1f700000 - 0x00007ffb1f726000 	C:\Program Files\Java\jdk-19\bin\java.dll
0x00007ffb0b020000 - 0x00007ffb0b0f7000 	C:\Program Files\Java\jdk-19\bin\jsvml.dll
0x00007ffb40c10000 - 0x00007ffb4137d000 	C:\WINDOWS\System32\SHELL32.dll
0x00007ffb3e2f0000 - 0x00007ffb3ea94000 	C:\WINDOWS\SYSTEM32\windows.storage.dll
0x00007ffb41ff0000 - 0x00007ffb42345000 	C:\WINDOWS\System32\combase.dll
0x00007ffb3fbf0000 - 0x00007ffb3fc1f000 	C:\WINDOWS\SYSTEM32\Wldp.dll
0x00007ffb42350000 - 0x00007ffb4241d000 	C:\WINDOWS\System32\OLEAUT32.dll
0x00007ffb41ea0000 - 0x00007ffb41f4d000 	C:\WINDOWS\System32\SHCORE.dll
0x00007ffb41410000 - 0x00007ffb41465000 	C:\WINDOWS\System32\shlwapi.dll
0x00007ffb401c0000 - 0x00007ffb401e4000 	C:\WINDOWS\SYSTEM32\profapi.dll
0x00007ffb2cb20000 - 0x00007ffb2cb33000 	C:\Program Files\Java\jdk-19\bin\net.dll
0x00007ffb2f380000 - 0x00007ffb2f48a000 	C:\WINDOWS\SYSTEM32\WINHTTP.dll
0x00007ffb3f950000 - 0x00007ffb3f9bc000 	C:\WINDOWS\system32\mswsock.dll
0x00007ffb28ef0000 - 0x00007ffb28f06000 	C:\Program Files\Java\jdk-19\bin\nio.dll
0x00007ffb28eb0000 - 0x00007ffb28ec8000 	C:\Program Files\Java\jdk-19\bin\zip.dll
0x00007ffb23370000 - 0x00007ffb2338a000 	C:\Users\HP\AppData\Local\Programs\IntelliJ IDEA Ultimate\bin\breakgen64.dll
0x0000023dbc030000 - 0x0000023dbc033000 	C:\Users\HP\.openjfx\cache\19.0.2+1\amd64\api-ms-win-core-console-l1-1-0.dll
0x0000023dbc040000 - 0x0000023dbc043000 	C:\Users\HP\.openjfx\cache\19.0.2+1\amd64\api-ms-win-core-console-l1-2-0.dll
0x0000023dbc050000 - 0x0000023dbc053000 	C:\Users\HP\.openjfx\cache\19.0.2+1\amd64\api-ms-win-core-datetime-l1-1-0.dll
0x0000023dbc060000 - 0x0000023dbc063000 	C:\Users\HP\.openjfx\cache\19.0.2+1\amd64\api-ms-win-core-debug-l1-1-0.dll
0x0000023dbc070000 - 0x0000023dbc073000 	C:\Users\HP\.openjfx\cache\19.0.2+1\amd64\api-ms-win-core-errorhandling-l1-1-0.dll
0x0000023dbc080000 - 0x0000023dbc084000 	C:\Users\HP\.openjfx\cache\19.0.2+1\amd64\api-ms-win-core-file-l1-1-0.dll
0x0000023dbc090000 - 0x0000023dbc093000 	C:\Users\HP\.openjfx\cache\19.0.2+1\amd64\api-ms-win-core-file-l1-2-0.dll
0x0000023dda1e0000 - 0x0000023dda1e3000 	C:\Users\HP\.openjfx\cache\19.0.2+1\amd64\api-ms-win-core-file-l2-1-0.dll
0x0000023dda1f0000 - 0x0000023dda1f3000 	C:\Users\HP\.openjfx\cache\19.0.2+1\amd64\api-ms-win-core-handle-l1-1-0.dll
0x0000023dda200000 - 0x0000023dda203000 	C:\Users\HP\.openjfx\cache\19.0.2+1\amd64\api-ms-win-core-heap-l1-1-0.dll
0x0000023dda210000 - 0x0000023dda213000 	C:\Users\HP\.openjfx\cache\19.0.2+1\amd64\api-ms-win-core-interlocked-l1-1-0.dll
0x0000023dda220000 - 0x0000023dda223000 	C:\Users\HP\.openjfx\cache\19.0.2+1\amd64\api-ms-win-core-libraryloader-l1-1-0.dll
0x0000023dda230000 - 0x0000023dda233000 	C:\Users\HP\.openjfx\cache\19.0.2+1\amd64\api-ms-win-core-localization-l1-2-0.dll
0x0000023dda240000 - 0x0000023dda243000 	C:\Users\HP\.openjfx\cache\19.0.2+1\amd64\api-ms-win-core-memory-l1-1-0.dll
0x0000023dda250000 - 0x0000023dda253000 	C:\Users\HP\.openjfx\cache\19.0.2+1\amd64\api-ms-win-core-namedpipe-l1-1-0.dll
0x0000023dda260000 - 0x0000023dda263000 	C:\Users\HP\.openjfx\cache\19.0.2+1\amd64\api-ms-win-core-processenvironment-l1-1-0.dll
0x0000023dda270000 - 0x0000023dda273000 	C:\Users\HP\.openjfx\cache\19.0.2+1\amd64\api-ms-win-core-processthreads-l1-1-0.dll
0x0000023dda280000 - 0x0000023dda283000 	C:\Users\HP\.openjfx\cache\19.0.2+1\amd64\api-ms-win-core-processthreads-l1-1-1.dll
0x0000023dda290000 - 0x0000023dda293000 	C:\Users\HP\.openjfx\cache\19.0.2+1\amd64\api-ms-win-core-profile-l1-1-0.dll
0x0000023dda2a0000 - 0x0000023dda2a3000 	C:\Users\HP\.openjfx\cache\19.0.2+1\amd64\api-ms-win-core-rtlsupport-l1-1-0.dll
0x0000023dda2b0000 - 0x0000023dda2b3000 	C:\Users\HP\.openjfx\cache\19.0.2+1\amd64\api-ms-win-core-string-l1-1-0.dll
0x0000023dda2c0000 - 0x0000023dda2c3000 	C:\Users\HP\.openjfx\cache\19.0.2+1\amd64\api-ms-win-core-synch-l1-1-0.dll
0x0000023dda2d0000 - 0x0000023dda2d3000 	C:\Users\HP\.openjfx\cache\19.0.2+1\amd64\api-ms-win-core-synch-l1-2-0.dll
0x0000023dda2e0000 - 0x0000023dda2e3000 	C:\Users\HP\.openjfx\cache\19.0.2+1\amd64\api-ms-win-core-sysinfo-l1-1-0.dll
0x0000023dda2f0000 - 0x0000023dda2f3000 	C:\Users\HP\.openjfx\cache\19.0.2+1\amd64\api-ms-win-core-timezone-l1-1-0.dll
0x0000023dda300000 - 0x0000023dda303000 	C:\Users\HP\.openjfx\cache\19.0.2+1\amd64\api-ms-win-core-util-l1-1-0.dll
0x0000023dda310000 - 0x0000023dda313000 	C:\Users\HP\.openjfx\cache\19.0.2+1\amd64\api-ms-win-crt-conio-l1-1-0.dll
0x0000023dda320000 - 0x0000023dda324000 	C:\Users\HP\.openjfx\cache\19.0.2+1\amd64\api-ms-win-crt-convert-l1-1-0.dll
0x0000023dda330000 - 0x0000023dda333000 	C:\Users\HP\.openjfx\cache\19.0.2+1\amd64\api-ms-win-crt-environment-l1-1-0.dll
0x0000023dda340000 - 0x0000023dda343000 	C:\Users\HP\.openjfx\cache\19.0.2+1\amd64\api-ms-win-crt-filesystem-l1-1-0.dll
0x0000023dda350000 - 0x0000023dda353000 	C:\Users\HP\.openjfx\cache\19.0.2+1\amd64\api-ms-win-crt-heap-l1-1-0.dll
0x0000023dda360000 - 0x0000023dda363000 	C:\Users\HP\.openjfx\cache\19.0.2+1\amd64\api-ms-win-crt-locale-l1-1-0.dll
0x0000023dda370000 - 0x0000023dda375000 	C:\Users\HP\.openjfx\cache\19.0.2+1\amd64\api-ms-win-crt-math-l1-1-0.dll
0x0000023dda380000 - 0x0000023dda385000 	C:\Users\HP\.openjfx\cache\19.0.2+1\amd64\api-ms-win-crt-multibyte-l1-1-0.dll
0x0000023dda390000 - 0x0000023dda3a0000 	C:\Users\HP\.openjfx\cache\19.0.2+1\amd64\api-ms-win-crt-private-l1-1-0.dll
0x0000023dda3a0000 - 0x0000023dda3a3000 	C:\Users\HP\.openjfx\cache\19.0.2+1\amd64\api-ms-win-crt-process-l1-1-0.dll
0x0000023dda3b0000 - 0x0000023dda3b4000 	C:\Users\HP\.openjfx\cache\19.0.2+1\amd64\api-ms-win-crt-runtime-l1-1-0.dll
0x0000023dda3c0000 - 0x0000023dda3c4000 	C:\Users\HP\.openjfx\cache\19.0.2+1\amd64\api-ms-win-crt-stdio-l1-1-0.dll
0x0000023dda3d0000 - 0x0000023dda3d4000 	C:\Users\HP\.openjfx\cache\19.0.2+1\amd64\api-ms-win-crt-string-l1-1-0.dll
0x0000023dda3e0000 - 0x0000023dda3e3000 	C:\Users\HP\.openjfx\cache\19.0.2+1\amd64\api-ms-win-crt-time-l1-1-0.dll
0x0000023dda3f0000 - 0x0000023dda3f3000 	C:\Users\HP\.openjfx\cache\19.0.2+1\amd64\api-ms-win-crt-utility-l1-1-0.dll
0x00007ffb05bf0000 - 0x00007ffb05cec000 	C:\Users\HP\.openjfx\cache\19.0.2+1\amd64\ucrtbase.dll
0x00007ffb21730000 - 0x00007ffb2174b000 	C:\Users\HP\.openjfx\cache\19.0.2+1\amd64\vcruntime140.dll
0x00007ffb28c80000 - 0x00007ffb28c8c000 	C:\Users\HP\.openjfx\cache\19.0.2+1\amd64\vcruntime140_1.dll
0x00007ffb05a70000 - 0x00007ffb05afe000 	C:\Users\HP\.openjfx\cache\19.0.2+1\amd64\msvcp140.dll
0x00007ffb28c20000 - 0x00007ffb28c29000 	C:\Users\HP\.openjfx\cache\19.0.2+1\amd64\msvcp140_1.dll
0x00007ffb1d740000 - 0x00007ffb1d770000 	C:\Users\HP\.openjfx\cache\19.0.2+1\amd64\msvcp140_2.dll
0x00007ffb1d630000 - 0x00007ffb1d65c000 	C:\Users\HP\.openjfx\cache\19.0.2+1\amd64\prism_d3d.dll
0x00007ffafd660000 - 0x00007ffafd831000 	C:\WINDOWS\system32\d3d9.dll
0x00007ffb3db70000 - 0x00007ffb3db9f000 	C:\WINDOWS\SYSTEM32\dwmapi.dll
0x00007ffb3d820000 - 0x00007ffb3d8be000 	C:\WINDOWS\system32\uxtheme.dll
0x00007ffb04db0000 - 0x00007ffb04f5f000 	C:\WINDOWS\System32\DriverStore\FileRepository\iigd_dch.inf_amd64_51f685305808e3a5\igdumdim64.dll
0x00007ffb415b0000 - 0x00007ffb416db000 	C:\WINDOWS\System32\ole32.dll
0x00007ffacf650000 - 0x00007ffad26f3000 	C:\WINDOWS\System32\DriverStore\FileRepository\iigd_dch.inf_amd64_51f685305808e3a5\igd9dxva64.dll
0x00007ffb41980000 - 0x00007ffb41df1000 	C:\WINDOWS\System32\SETUPAPI.dll
0x00007ffb40b90000 - 0x00007ffb40bde000 	C:\WINDOWS\System32\cfgmgr32.dll
0x00007ffb34f30000 - 0x00007ffb35339000 	C:\WINDOWS\System32\DriverStore\FileRepository\iigd_dch.inf_amd64_51f685305808e3a5\igdgmm64.dll
0x00007ffb190d0000 - 0x00007ffb19112000 	C:\Users\HP\.openjfx\cache\19.0.2+1\amd64\glass.dll
0x00007ffb42ad0000 - 0x00007ffb42baa000 	C:\WINDOWS\System32\COMDLG32.dll
0x00007ffb42800000 - 0x00007ffb42915000 	C:\WINDOWS\System32\MSCTF.dll
0x00007ffb37660000 - 0x00007ffb37687000 	C:\WINDOWS\System32\DriverStore\FileRepository\iigd_dch.inf_amd64_51f685305808e3a5\igdinfo64.dll
0x00007ffb31620000 - 0x00007ffb34db4000 	C:\WINDOWS\System32\DriverStore\FileRepository\iigd_dch.inf_amd64_51f685305808e3a5\igc64.dll
0x00007ffb360f0000 - 0x00007ffb3612b000 	C:\WINDOWS\SYSTEM32\dxcore.dll
0x00007ffb3f670000 - 0x00007ffb3f73a000 	C:\WINDOWS\SYSTEM32\DNSAPI.dll
0x00007ffb3f630000 - 0x00007ffb3f66b000 	C:\WINDOWS\SYSTEM32\IPHLPAPI.DLL
0x00007ffb426c0000 - 0x00007ffb426c8000 	C:\WINDOWS\System32\NSI.dll
0x00007ffb2cb40000 - 0x00007ffb2cb4a000 	C:\Windows\System32\rasadhlp.dll
0x00007ffb2d040000 - 0x00007ffb2d0c0000 	C:\WINDOWS\System32\fwpuclnt.dll
0x00007ffb375d0000 - 0x00007ffb375da000 	C:\Program Files\Java\jdk-19\bin\management.dll
0x00007ffb2cbb0000 - 0x00007ffb2cbbb000 	C:\Program Files\Java\jdk-19\bin\management_ext.dll
0x00007ffb41e70000 - 0x00007ffb41e78000 	C:\WINDOWS\System32\PSAPI.DLL
0x00007ffb3fb40000 - 0x00007ffb3fb58000 	C:\WINDOWS\SYSTEM32\CRYPTSP.dll
0x00007ffb3f270000 - 0x00007ffb3f2a4000 	C:\WINDOWS\system32\rsaenh.dll
0x00007ffb40140000 - 0x00007ffb4016e000 	C:\WINDOWS\SYSTEM32\USERENV.dll
0x00007ffb3fb60000 - 0x00007ffb3fb6c000 	C:\WINDOWS\SYSTEM32\CRYPTBASE.dll
0x00007ffb37a80000 - 0x00007ffb37a97000 	C:\WINDOWS\SYSTEM32\dhcpcsvc6.DLL
0x00007ffb37830000 - 0x00007ffb3784d000 	C:\WINDOWS\SYSTEM32\dhcpcsvc.DLL
0x00007ffb1f6e0000 - 0x00007ffb1f6f4000 	C:\Users\HP\.openjfx\cache\19.0.2+1\amd64\javafx_font.dll
0x00007ffb29c20000 - 0x00007ffb29e9f000 	C:\WINDOWS\SYSTEM32\dwrite.dll

dbghelp: loaded successfully - version: 4.0.5 - missing functions: none
symbol engine: initialized successfully - sym options: 0x614 - pdb path: .;C:\Program Files\Java\jdk-19\bin;C:\WINDOWS\SYSTEM32;C:\WINDOWS\WinSxS\amd64_microsoft.windows.common-controls_6595b64144ccf1df_6.0.19041.4355_none_60b8b9eb71f62e16;C:\Program Files\Java\jdk-19\bin\server;C:\Users\HP\AppData\Local\Programs\IntelliJ IDEA Ultimate\bin;C:\Users\HP\.openjfx\cache\19.0.2+1\amd64;C:\WINDOWS\System32\DriverStore\FileRepository\iigd_dch.inf_amd64_51f685305808e3a5

VM Arguments:
jvm_args: -javaagent:C:\Users\HP\AppData\Local\Programs\IntelliJ IDEA Ultimate\lib\idea_rt.jar=55325:C:\Users\HP\AppData\Local\Programs\IntelliJ IDEA Ultimate\bin -Dfile.encoding=UTF-8 -Dsun.stdout.encoding=UTF-8 -Dsun.stderr.encoding=UTF-8 --module-path=C:\Users\HP\.m2\repository\jakarta\activation\jakarta.activation-api\2.1.0\jakarta.activation-api-2.1.0.jar;C:\Users\HP\Desktop\Java\projet_java_licence_3\Ressources_humaines\target\classes;C:\Users\HP\.m2\repository\org\openjfx\javafx-graphics\19.0.2\javafx-graphics-19.0.2-win.jar;C:\Users\HP\.m2\repository\com\fasterxml\woodstox\woodstox-core\6.2.7\woodstox-core-6.2.7.jar;C:\Users\HP\.m2\repository\org\hibernate\orm\hibernate-core\6.2.6.Final\hibernate-core-6.2.6.Final.jar;C:\Users\HP\.m2\repository\com\twilio\sdk\twilio\8.32.0\twilio-8.32.0.jar;C:\Users\HP\.m2\repository\org\openjfx\javafx-base\19.0.2\javafx-base-19.0.2-win.jar;C:\Users\HP\.m2\repository\org\openjfx\javafx-fxml\19.0.2\javafx-fxml-19.0.2-win.jar;C:\Users\HP\.m2\repository\org\codehaus\woodstox\stax2-api\4.2.1\stax2-api-4.2.1.jar;C:\Users\HP\.m2\repository\jakarta\persistence\jakarta.persistence-api\3.1.0\jakarta.persistence-api-3.1.0.jar;C:\Users\HP\.m2\repository\org\postgresql\postgresql\42.7.2\postgresql-42.7.2.jar;C:\Users\HP\.m2\repository\org\eclipse\angus\angus-activation\2.0.0\angus-activation-2.0.0.jar;C:\Users\HP\.m2\repository\org\openjfx\javafx-controls\19.0.2\javafx-controls-19.0.2-win.jar -Djdk.module.main=org.example.Ressources_humaines 
java_command: org.example.Ressources_humaines/org.example.Ressources_humaines.HelloApplication
java_class_path (initial): C:\Users\HP\.m2\repository\org\openjfx\javafx-controls\19.0.2\javafx-controls-19.0.2.jar;C:\Users\HP\.m2\repository\org\openjfx\javafx-graphics\19.0.2\javafx-graphics-19.0.2.jar;C:\Users\HP\.m2\repository\org\openjfx\javafx-base\19.0.2\javafx-base-19.0.2.jar;C:\Users\HP\.m2\repository\org\openjfx\javafx-fxml\19.0.2\javafx-fxml-19.0.2.jar;C:\Users\HP\.m2\repository\commons-codec\commons-codec\1.15\commons-codec-1.15.jar;C:\Users\HP\.m2\repository\commons-io\commons-io\2.7\commons-io-2.7.jar;C:\Users\HP\.m2\repository\io\jsonwebtoken\jjwt-api\0.11.2\jjwt-api-0.11.2.jar;C:\Users\HP\.m2\repository\io\jsonwebtoken\jjwt-jackson\0.11.2\jjwt-jackson-0.11.2.jar;C:\Users\HP\.m2\repository\io\jsonwebtoken\jjwt-impl\0.11.2\jjwt-impl-0.11.2.jar;C:\Users\HP\.m2\repository\org\apache\httpcomponents\httpclient\4.5.13\httpclient-4.5.13.jar;C:\Users\HP\.m2\repository\commons-logging\commons-logging\1.2\commons-logging-1.2.jar;C:\Users\HP\.m2\repository\org\apache\httpcomponents\httpcore\4.4.13\httpcore-4.4.13.jar;C:\Users\HP\.m2\repository\com\fasterxml\jackson\core\jackson-core\2.13.3\jackson-core-2.13.3.jar;C:\Users\HP\.m2\repository\com\fasterxml\jackson\core\jackson-annotations\2.13.3\jackson-annotations-2.13.3.jar;C:\Users\HP\.m2\repository\com\fasterxml\jackson\core\jackson-databind\2.13.3\jackson-databind-2.13.3.jar;C:\Users\HP\.m2\repository\com\fasterxml\jackson\datatype\jackson-datatype-jsr310\2.13.3\jackson-datatype-jsr310-2.13.3.jar;C:\Users\HP\.m2\repository\com\fasterxml\jackson\dataformat\jackson-dataformat-xml\2.13.3\jackson-dataformat-xml-2.13.3.jar;C:\Users\HP\.m2\repository\org\slf4j\slf4j-api\1.7.30\slf4j-api-1.7.30.jar;C:\Users\HP\.m2\repository\javax\xml\bind\jaxb-api\2.3.1\jaxb-api-2.3.1.jar;C:\Users\HP\.m2\repository\jakarta\transaction\jakarta.transaction-api\2.0.1\jakarta.transaction-api-2.0.1.jar;C:\Users\HP\.m2\repository\org\jboss\logging\jboss-logging\3.5.0.Final\jboss-logging-3.5.0.Final.jar;C:\Users\HP\.m2\repository\org\hibernate\common\hibernate-commons-annotations\6.0.6.Final\hibernate-commons-annotations-6.0.6.Final.jar;C:\Users\HP\.m2\repository\io\smallrye\jandex\3.0.5\jandex-3.0.5.jar;C:\Users\HP\.m2\repository\com\fasterxml\classmate\1.5.1\classmate-1.5.1.jar;C:\Users\HP\.m2\repository\net\bytebuddy\byte-buddy\1.12.18\byte-buddy-1.12.18.jar;C:\Users\HP\.m2\repository\jakarta\xml\bind\jakarta.xml.bind-api\4.0.0\jakarta.xml.bind-api-4.0.0.jar;C:\Users\HP\.m2\repository\org\glassfish\jaxb\jaxb-runtime\4.0.2\jaxb-runtime-4.0.2.jar;C:\Users\HP\.m2\repository\org\glassfish\jaxb\jaxb-core\4.0.2\jaxb-core-4.0.2.jar;C:\Users\HP\.m2\repository\org\glassfish\jaxb\txw2\4.0.2\txw2-4.0.2.jar;C:\Users\HP\.m2\repository\com\sun\istack\istack-commons-runtime\4.1.1\istack-commons-runtime-4.1.1.jar;C:\Users\HP\.m2\repository\jakarta\inject\jakarta.inject-api\2.0.1\jakarta.inject-api-2.0.1.jar;C:\Users\HP\.m2\repository\org\antlr\antlr4-runtime\4.10.1\antlr4-runtime-4.10.1.jar;C:\Users\HP\.m2\repository\org\checkerframework\checker-qual\3.42.0\checker-qual-3.42.0.jar
Launcher Type: SUN_STANDARD

[Global flags]
     intx CICompilerCount                          = 3                                         {product} {ergonomic}
     uint ConcGCThreads                            = 1                                         {product} {ergonomic}
     uint G1ConcRefinementThreads                  = 4                                         {product} {ergonomic}
   size_t G1HeapRegionSize                         = 1048576                                   {product} {ergonomic}
    uintx GCDrainStackTargetSize                   = 64                                        {product} {ergonomic}
   size_t InitialHeapSize                          = 134217728                                 {product} {ergonomic}
   size_t MarkStackSize                            = 4194304                                   {product} {ergonomic}
   size_t MaxHeapSize                              = 2122317824                                {product} {ergonomic}
   size_t MaxNewSize                               = 1272971264                                {product} {ergonomic}
   size_t MinHeapDeltaBytes                        = 1048576                                   {product} {ergonomic}
   size_t MinHeapSize                              = 8388608                                   {product} {ergonomic}
    uintx NonNMethodCodeHeapSize                   = 5832780                                {pd product} {ergonomic}
    uintx NonProfiledCodeHeapSize                  = 122912730                              {pd product} {ergonomic}
    uintx ProfiledCodeHeapSize                     = 122912730                              {pd product} {ergonomic}
    uintx ReservedCodeCacheSize                    = 251658240                              {pd product} {ergonomic}
     bool SegmentedCodeCache                       = true                                      {product} {ergonomic}
   size_t SoftMaxHeapSize                          = 2122317824                             {manageable} {ergonomic}
     bool UseCompressedClassPointers               = true                           {product lp64_product} {ergonomic}
     bool UseCompressedOops                        = true                           {product lp64_product} {ergonomic}
     bool UseG1GC                                  = true                                      {product} {ergonomic}
     bool UseLargePagesIndividualAllocation        = false                                  {pd product} {ergonomic}

Logging:
Log output configuration:
 #0: stdout all=warning uptime,level,tags foldmultilines=false
 #1: stderr all=off uptime,level,tags foldmultilines=false

Environment Variables:
JAVA_HOME=C:\Program Files\Java\jdk-17
PATH=C:\Users\HP\Desktop\Programmation\CoursSupInfo\MERISE\product\11.2.0\dbhome_1\bin;C:\Users\HP\AppData\Local\Programs\Python\Python312\Scripts\;C:\Users\HP\AppData\Local\Programs\Python\Python312\;C:\Program Files\Common Files\Oracle\Java\javapath;C:\Program Files (x86)\Common Files\Oracle\Java\java8path;C:\Program Files (x86)\Common Files\Oracle\Java\javapath;C:\Program Files\Python38\Scripts\;C:\Program Files\Python38\;C:\Program Files\OpenJDK\jdk-8.0.352.08-hotspot\bin;C:\ProgramData\Oracle\Java\javapath;C:\WINDOWS\system32;C:\WINDOWS;C:\WINDOWS\System32\Wbem;C:\WINDOWS\System32\WindowsPowerShell\v1.0\;C:\WINDOWS\System32\OpenSSH\;C:\Program Files\Java\jdk-17bin;C:\Program Files\Java\jdk-17;C:\Windows\System32\;C:\Program Files\Microsoft SQL Server\150\Tools\Binn\;C:\Program Files\dotnet\;C:\Program Files\Git\cmd;C:\Program Files\nodejs\;C:\xampp\php;C:\composer;C:\Program Files\MATLAB\R2015b\runtime\win64;C:\Program Files\MATLAB\R2015b\bin;C:\Program Files\MATLAB\R2015b\polyspace\bin;C:\Program Files\heroku\bin;C:\Users\HP\AppData\Local\Microsoft\WindowsApps;C:\Program Files\Java\jdk-17;C:\Program Files (x86)\winlibs-x86_64-posix-seh-gcc-12.2.0-mingw-w64ucrt-10.0.0-r2\mingw64\bin;C:\Program Files (x86)\winlibs-x86_64-posix-seh-gcc-12.2.0-llvm-14.0.6-mingw-w64ucrt-10.0.0-r2\mingw64\bin;C:\Program Files\JetBrains\IntelliJ IDEA Community Edition 2022.3.1\bin;C:\Program Files\Java\jdk-20\bin;C:\jre-1.8\bin;C:\Program Files\JetBrains\PyCharm 2023.1.3\bin;C:\Program Files\JetBrains\PyCharm Community Edition 2023.2.4\bin;C:\Program Files\JetBrains\CLion 2023.3.3\bin;;C:\Program Files\JetBrains\WebStorm 2023.3.3\bin;;C:\Users\HP\AppData\Local\JetBrains\Toolbox\scripts;C:\Users\HP\AppData\Local\GitHubDesktop\bin;C:\Users\HP\.dotnet\tools;C:\Users\HP\AppData\Roaming\npm;C:\Users\HP\AppData\Roaming\Composer\vendor\bin;C:\Program Files\PostgreSQL\17\bin;
USERNAME=HP
OS=Windows_NT
PROCESSOR_IDENTIFIER=Intel64 Family 6 Model 142 Stepping 9, GenuineIntel
TMP=C:\Users\HP\AppData\Local\Temp
TEMP=C:\Users\HP\AppData\Local\Temp



---------------  S Y S T E M  ---------------

OS:
 Windows 10 , 64 bit Build 19041 (10.0.19041.5438)
OS uptime: 3 days 21:26 hours

CPU: total 4 (initial active 4) (2 cores per cpu, 2 threads per core) family 6 model 142 stepping 9 microcode 0xf6, cx8, cmov, fxsr, ht, mmx, 3dnowpref, sse, sse2, sse3, ssse3, sse4.1, sse4.2, popcnt, lzcnt, tsc, tscinvbit, avx, avx2, aes, erms, clmul, bmi1, bmi2, adx, fma, vzeroupper, clflush, clflushopt, rdtscp

Memory: 4k page, system-wide physical 8094M (545M free)
TotalPageFile size 10142M (AvailPageFile size 5M)
current process WorkingSet (physical memory assigned to process): 127M, peak: 127M
current process commit charge ("private bytes"): 257M, peak: 258M

vm_info: Java HotSpot(TM) 64-Bit Server VM (19.0.1+10-21) for windows-amd64 JRE (19.0.1+10-21), built on 2022-09-14T12:45:06Z by "mach5one" with MS VC++ 17.1 (VS2022)

END.
